{
"/data/home/lourens/NLeSC/projects/sherlock/software/spiraljs/dist/spiral.js":{"path":"/data/home/lourens/NLeSC/projects/sherlock/software/spiraljs/dist/spiral.js","s":{"1":1,"2":1,"3":0,"4":1,"5":0,"6":1,"7":1,"8":1,"9":0,"10":0,"11":0,"12":0,"13":0,"14":1,"15":1,"16":1,"17":1,"18":19,"19":11,"20":0,"21":0,"22":0,"23":0,"24":0,"25":0,"26":0,"27":11,"28":11,"29":17,"30":17,"31":19,"32":1,"33":1,"34":1,"35":1,"36":1,"37":1,"38":1,"39":0,"40":1,"41":1,"42":0,"43":1,"44":0,"45":0,"46":0,"47":0,"48":0,"49":0,"50":0,"51":0,"52":0,"53":0,"54":0,"55":0,"56":0,"57":0,"58":0,"59":0,"60":0,"61":0,"62":0,"63":0,"64":1,"65":0,"66":0,"67":1,"68":1,"69":1,"70":1,"71":0,"72":1,"73":0,"74":1,"75":0,"76":0,"77":0,"78":0,"79":0,"80":0,"81":0,"82":0,"83":0,"84":0,"85":0,"86":0,"87":0,"88":0,"89":1,"90":0,"91":0,"92":1,"93":0,"94":0,"95":0,"96":0,"97":0,"98":0,"99":0,"100":0,"101":0,"102":0,"103":0,"104":0,"105":0,"106":0,"107":0,"108":0,"109":0,"110":0,"111":0,"112":0,"113":0,"114":0,"115":0,"116":1,"117":1,"118":1,"119":1,"120":0,"121":0,"122":1,"123":0,"124":1,"125":0,"126":0,"127":0,"128":0,"129":0,"130":1,"131":1,"132":1,"133":1,"134":0,"135":0,"136":1,"137":0,"138":0,"139":0,"140":0,"141":0,"142":0,"143":0,"144":0,"145":1,"146":0,"147":1,"148":0,"149":1,"150":0,"151":0,"152":0,"153":0,"154":0,"155":0,"156":0,"157":0,"158":0,"159":0,"160":0,"161":0,"162":0,"163":0,"164":0,"165":0,"166":0,"167":0,"168":0,"169":0,"170":0,"171":0,"172":0,"173":0,"174":0,"175":0,"176":0,"177":0,"178":1,"179":0,"180":0,"181":0,"182":0,"183":0,"184":0,"185":0,"186":0,"187":0,"188":0,"189":1,"190":0,"191":0,"192":1,"193":0,"194":1,"195":0,"196":0,"197":0,"198":0,"199":0,"200":0,"201":0,"202":0,"203":0,"204":0,"205":0,"206":0,"207":0,"208":0,"209":0,"210":0,"211":0,"212":1,"213":0,"214":0,"215":0,"216":0,"217":0,"218":0,"219":0,"220":0,"221":0,"222":0,"223":0,"224":0,"225":1,"226":0,"227":0,"228":0,"229":0,"230":0,"231":0,"232":0,"233":0,"234":0,"235":1,"236":0,"237":0,"238":0,"239":0,"240":0,"241":0,"242":0,"243":0,"244":0,"245":0,"246":1,"247":0,"248":0,"249":0,"250":0,"251":0,"252":0,"253":0,"254":0,"255":0,"256":0,"257":0,"258":0,"259":0,"260":0,"261":0,"262":0,"263":0,"264":1,"265":0,"266":0,"267":0,"268":0,"269":1,"270":0,"271":0,"272":0,"273":0,"274":1,"275":0,"276":0,"277":0,"278":0,"279":0,"280":0,"281":0,"282":0,"283":0,"284":0,"285":1,"286":0,"287":0,"288":0,"289":0,"290":0,"291":0,"292":0,"293":1,"294":0,"295":0,"296":0,"297":0,"298":0,"299":0,"300":0,"301":0,"302":0,"303":1,"304":0,"305":0,"306":0,"307":0,"308":0,"309":0,"310":1,"311":0,"312":1,"313":0,"314":1,"315":1,"316":1,"317":1,"318":1,"319":1,"320":1,"321":1,"322":1,"323":1,"324":1,"325":1,"326":1,"327":1,"328":1,"329":1,"330":1,"331":1,"332":1,"333":1,"334":1,"335":1,"336":1,"337":1,"338":1,"339":1,"340":1,"341":1,"342":1,"343":1,"344":1,"345":1,"346":1,"347":1,"348":1,"349":1,"350":0,"351":26,"352":26,"353":0,"354":26,"355":0,"356":0,"357":26,"358":0,"359":26,"360":0,"361":0,"362":0,"363":0,"364":0,"365":0,"366":0,"367":0,"368":26,"369":0,"370":0,"371":0,"372":0,"373":0,"374":0,"375":0,"376":26,"377":26,"378":0,"379":0,"380":0,"381":26,"382":0,"383":0,"384":0,"385":0,"386":26,"387":1,"388":0,"389":0,"390":1,"391":0,"392":0,"393":0,"394":0,"395":0,"396":0,"397":0,"398":0,"399":0,"400":1,"401":1,"402":1,"403":1,"404":1,"405":1,"406":1,"407":0,"408":0,"409":0,"410":0,"411":1,"412":1,"413":0,"414":0,"415":0,"416":0,"417":1,"418":1,"419":0,"420":0,"421":0,"422":0,"423":0,"424":0,"425":0,"426":1,"427":1,"428":0,"429":0,"430":0,"431":0,"432":1,"433":1,"434":7,"435":0,"436":0,"437":0,"438":0,"439":1,"440":1,"441":1,"442":1,"443":1,"444":1,"445":1,"446":1,"447":1,"448":1,"449":1,"450":1,"451":1,"452":1,"453":1,"454":0,"455":0,"456":0,"457":0,"458":0,"459":1,"460":1,"461":0,"462":0,"463":0,"464":0,"465":0,"466":1,"467":0,"468":0,"469":0,"470":0,"471":0,"472":1,"473":1,"474":0,"475":0,"476":0,"477":0,"478":1,"479":1,"480":0,"481":0,"482":0,"483":0,"484":1,"485":1,"486":0,"487":0,"488":0,"489":0,"490":1,"491":1,"492":7,"493":0,"494":0,"495":0,"496":0,"497":1,"498":1,"499":1,"500":1,"501":1,"502":1,"503":1,"504":1,"505":1,"506":1,"507":1,"508":1,"509":1,"510":1,"511":1,"512":0,"513":0,"514":0,"515":0,"516":0,"517":1,"518":1,"519":0,"520":0,"521":0,"522":0,"523":0,"524":1,"525":0,"526":0,"527":0,"528":0,"529":0,"530":1,"531":1,"532":1,"533":1,"534":1,"535":1,"536":1,"537":1,"538":1,"539":1,"540":1,"541":1,"542":1,"543":1,"544":1,"545":1,"546":1,"547":1,"548":1,"549":1,"550":1,"551":1,"552":1,"553":1,"554":1,"555":1,"556":1,"557":1,"558":1,"559":1,"560":1,"561":1,"562":1,"563":1,"564":1,"565":1,"566":1,"567":1,"568":1,"569":1,"570":1,"571":1,"572":1,"573":1,"574":1,"575":1,"576":1,"577":1,"578":1,"579":1,"580":1,"581":1,"582":1,"583":1,"584":1,"585":1,"586":1,"587":1,"588":1,"589":1,"590":1,"591":1,"592":1,"593":1,"594":1,"595":1,"596":1,"597":1,"598":1,"599":1,"600":1,"601":1,"602":1,"603":1,"604":0,"605":1,"606":0,"607":1,"608":0,"609":1,"610":0,"611":0,"612":0,"613":0,"614":0,"615":0,"616":0,"617":0,"618":0,"619":0,"620":0,"621":0,"622":1,"623":0,"624":0,"625":1,"626":1,"627":1,"628":1,"629":13834,"630":13834,"631":1,"632":0,"633":0,"634":1,"635":3076,"636":1,"637":512,"638":1,"639":0,"640":1,"641":0,"642":1,"643":0,"644":0,"645":1,"646":3073,"647":1,"648":256,"649":1,"650":3072,"651":1,"652":3072,"653":1,"654":1,"655":1,"656":1,"657":1,"658":0,"659":0,"660":1,"661":1,"662":1,"663":1,"664":1,"665":1,"666":1,"667":1,"668":0,"669":0,"670":0,"671":1,"672":0,"673":1,"674":0,"675":1,"676":0,"677":0,"678":0,"679":0,"680":0,"681":0,"682":0,"683":0,"684":0,"685":0,"686":0,"687":0,"688":0,"689":0,"690":0,"691":0,"692":1,"693":1,"694":1,"695":1,"696":1,"697":1,"698":1,"699":1,"700":1,"701":1,"702":1,"703":1,"704":1,"705":1,"706":1,"707":1,"708":0,"709":0,"710":0,"711":0,"712":0,"713":0,"714":1,"715":0,"716":0,"717":0,"718":0,"719":0,"720":0,"721":0,"722":0,"723":0,"724":0,"725":0,"726":1,"727":0,"728":0,"729":0,"730":0,"731":0,"732":0,"733":0,"734":0,"735":0,"736":0,"737":0,"738":0,"739":0,"740":0,"741":0,"742":0,"743":0,"744":0,"745":0,"746":1,"747":0,"748":0,"749":0,"750":1,"751":1,"752":1,"753":1,"754":1,"755":0,"756":0,"757":1,"758":1,"759":1,"760":1,"761":1,"762":1,"763":1,"764":1,"765":1,"766":0,"767":0,"768":0,"769":0,"770":1,"771":0,"772":1,"773":0,"774":0,"775":0,"776":1,"777":0,"778":1,"779":0,"780":1,"781":0,"782":0,"783":0,"784":0,"785":0,"786":0,"787":0,"788":0,"789":0,"790":1,"791":0,"792":0,"793":0,"794":0,"795":0,"796":0,"797":0,"798":0,"799":0,"800":0,"801":0,"802":0,"803":0,"804":0,"805":0,"806":0,"807":0,"808":1,"809":1,"810":1,"811":1,"812":1,"813":1,"814":1,"815":1,"816":1,"817":1,"818":1,"819":1,"820":1,"821":1,"822":1,"823":0,"824":0,"825":0,"826":0,"827":0,"828":0,"829":0,"830":0,"831":1,"832":0,"833":0,"834":0,"835":0,"836":1,"837":0,"838":0,"839":0,"840":1,"841":0,"842":1,"843":0,"844":0,"845":0,"846":0,"847":0,"848":1,"849":1,"850":1,"851":1,"852":0,"853":0,"854":1,"855":1,"856":1,"857":1,"858":0,"859":0,"860":1,"861":0,"862":1,"863":0,"864":1,"865":0,"866":1,"867":1,"868":1,"869":1,"870":0,"871":0,"872":0,"873":1,"874":0,"875":1,"876":1,"877":1,"878":1,"879":1533,"880":1533,"881":768,"882":765,"883":0,"884":765,"885":765,"886":765,"887":3072,"888":765,"889":765,"890":3072,"891":765,"892":765,"893":765,"894":765,"895":3072,"896":3072,"897":3072,"898":3072,"899":765,"900":1,"901":1,"902":1,"903":256,"904":1,"905":256,"906":1,"907":1,"908":1,"909":1,"910":1,"911":1,"912":1,"913":1,"914":1,"915":1,"916":1,"917":1,"918":1,"919":1,"920":1,"921":1},"b":{"1":[0,1],"2":[1,0],"3":[0,1],"4":[1,0],"5":[1,0],"6":[0,0],"7":[0,0],"8":[11,8],"9":[0,11],"10":[0,0],"11":[0,0],"12":[0,0],"13":[0,0],"14":[17,0],"15":[1,0],"16":[1,0],"17":[1,1],"18":[0,0],"19":[0,0],"20":[0,0],"21":[0,0],"22":[0,0],"23":[0,0],"24":[0,1],"25":[0,0],"26":[0,0],"27":[0,0],"28":[0,0],"29":[0,0],"30":[0,0],"31":[0,0],"32":[0,0],"33":[0,0],"34":[0,0],"35":[0,0],"36":[0,0],"37":[0,0],"38":[0,0],"39":[0,0],"40":[0,0],"41":[0,0],"42":[0,0],"43":[0,0],"44":[0,0],"45":[0,0],"46":[0,0],"47":[0,0],"48":[0,0],"49":[0,0],"50":[0,0],"51":[0,0],"52":[0,0],"53":[0,0],"54":[0,0],"55":[0,0],"56":[0,0],"57":[0,0],"58":[0,0],"59":[0,0],"60":[0,0],"61":[0,0],"62":[0,0],"63":[0,0],"64":[0,0],"65":[0,0],"66":[0,0],"67":[0,0],"68":[0,0],"69":[0,0],"70":[0,0],"71":[0,0],"72":[0,0],"73":[0,0],"74":[0,0],"75":[0,0],"76":[0,0],"77":[0,0],"78":[0,0],"79":[0,0],"80":[0,0],"81":[0,0],"82":[0,0],"83":[0,0],"84":[0,0],"85":[0,0],"86":[0,0],"87":[0,0],"88":[0,0],"89":[0,0],"90":[0,0],"91":[0,0],"92":[0,0],"93":[0,0],"94":[0,0],"95":[0,0],"96":[0,0],"97":[0,0],"98":[0,0],"99":[0,0],"100":[0,0],"101":[0,0],"102":[0,0],"103":[0,0],"104":[0,0],"105":[0,0],"106":[0,0],"107":[0,0],"108":[0,0],"109":[0,0],"110":[0,0],"111":[1,0],"112":[1,1],"113":[0,0],"114":[0,0],"115":[0,0],"116":[0,0],"117":[0,0],"118":[0,0],"119":[0,0],"120":[0,0],"121":[0,0],"122":[0,0],"123":[26,0],"124":[0,0],"125":[0,0],"126":[0,0],"127":[0,0],"128":[0,0],"129":[0,0],"130":[0,0],"131":[0,0],"132":[0,0],"133":[0,0],"134":[0,0],"135":[0,0],"136":[1,1,1],"137":[1,0],"138":[0,1],"139":[0,0],"140":[0,0],"141":[1,1,1],"142":[0,0],"143":[0,1],"144":[1,0],"145":[0,0],"146":[0,0],"147":[0,1],"148":[1,0],"149":[0,0],"150":[1,1,1],"151":[1,0],"152":[0,1],"153":[1,0],"154":[0,0],"155":[0,0],"156":[0,1],"157":[1,0],"158":[0,0],"159":[1,1,1],"160":[0,0],"161":[0,1],"162":[1,0],"163":[0,0],"164":[0,0],"165":[0,0],"166":[0,1],"167":[1,0],"168":[0,0],"169":[1,1,1],"170":[1,0],"171":[0,1],"172":[0,0],"173":[0,0],"174":[768,765],"175":[0,765]},"f":{"1":1,"2":1,"3":1,"4":19,"5":17,"6":1,"7":1,"8":1,"9":0,"10":1,"11":0,"12":0,"13":0,"14":0,"15":0,"16":0,"17":0,"18":0,"19":0,"20":0,"21":0,"22":0,"23":0,"24":0,"25":0,"26":0,"27":0,"28":0,"29":0,"30":0,"31":0,"32":0,"33":0,"34":0,"35":0,"36":0,"37":0,"38":0,"39":0,"40":0,"41":0,"42":0,"43":0,"44":0,"45":0,"46":0,"47":0,"48":1,"49":1,"50":1,"51":26,"52":0,"53":0,"54":0,"55":0,"56":0,"57":0,"58":0,"59":0,"60":0,"61":0,"62":0,"63":0,"64":0,"65":0,"66":0,"67":0,"68":0,"69":0,"70":0,"71":0,"72":0,"73":0,"74":0,"75":0,"76":0,"77":0,"78":0,"79":0,"80":0,"81":0,"82":0,"83":0,"84":0,"85":0,"86":0,"87":7,"88":0,"89":0,"90":0,"91":0,"92":0,"93":0,"94":0,"95":0,"96":0,"97":0,"98":0,"99":0,"100":0,"101":0,"102":0,"103":0,"104":0,"105":0,"106":0,"107":0,"108":0,"109":0,"110":0,"111":0,"112":0,"113":0,"114":7,"115":0,"116":0,"117":0,"118":0,"119":0,"120":0,"121":0,"122":0,"123":0,"124":0,"125":0,"126":0,"127":0,"128":0,"129":1,"130":1,"131":1,"132":1,"133":0,"134":0,"135":0,"136":0,"137":0,"138":0,"139":0,"140":0,"141":0,"142":0,"143":1,"144":1,"145":13834,"146":0,"147":3076,"148":512,"149":0,"150":0,"151":0,"152":3073,"153":256,"154":3072,"155":3072,"156":1,"157":1,"158":1,"159":1,"160":1,"161":0,"162":0,"163":0,"164":0,"165":0,"166":0,"167":0,"168":0,"169":1,"170":1,"171":1,"172":1,"173":1,"174":0,"175":0,"176":0,"177":0,"178":0,"179":0,"180":0,"181":0,"182":0,"183":0,"184":0,"185":0,"186":1,"187":1,"188":1,"189":1,"190":1,"191":0,"192":0,"193":0,"194":0,"195":0,"196":0,"197":0,"198":0,"199":0,"200":0,"201":0,"202":0,"203":0,"204":0,"205":0,"206":0,"207":0,"208":0,"209":0,"210":1,"211":1,"212":1,"213":1,"214":0,"215":0,"216":0,"217":0,"218":0,"219":0,"220":0,"221":0,"222":0,"223":0,"224":1,"225":1,"226":0,"227":1,"228":0,"229":0,"230":0,"231":0,"232":1,"233":0,"234":0,"235":1,"236":1533,"237":1,"238":256,"239":256,"240":1},"fnMap":{"1":{"name":"(anonymous_1)","line":1,"loc":{"start":{"line":1,"column":1},"end":{"line":1,"column":12}}},"2":{"name":"(anonymous_2)","line":1,"loc":{"start":{"line":1,"column":322},"end":{"line":1,"column":332}}},"3":{"name":"e","line":1,"loc":{"start":{"line":1,"column":367},"end":{"line":1,"column":384}}},"4":{"name":"s","line":1,"loc":{"start":{"line":1,"column":385},"end":{"line":1,"column":400}}},"5":{"name":"(anonymous_5)","line":1,"loc":{"start":{"line":1,"column":634},"end":{"line":1,"column":645}}},"6":{"name":"(anonymous_6)","line":1,"loc":{"start":{"line":1,"column":813},"end":{"line":1,"column":845}}},"7":{"name":"(anonymous_7)","line":3,"loc":{"start":{"line":3,"column":1},"end":{"line":3,"column":28}}},"8":{"name":"(anonymous_8)","line":7,"loc":{"start":{"line":7,"column":9},"end":{"line":7,"column":28}}},"9":{"name":"(anonymous_9)","line":9,"loc":{"start":{"line":9,"column":16},"end":{"line":9,"column":31}}},"10":{"name":"(anonymous_10)","line":13,"loc":{"start":{"line":13,"column":15},"end":{"line":13,"column":33}}},"11":{"name":"(anonymous_11)","line":16,"loc":{"start":{"line":16,"column":10},"end":{"line":16,"column":33}}},"12":{"name":"(anonymous_12)","line":26,"loc":{"start":{"line":26,"column":11},"end":{"line":26,"column":34}}},"13":{"name":"ascendingComparator","line":39,"loc":{"start":{"line":39,"column":0},"end":{"line":39,"column":32}}},"14":{"name":"(anonymous_14)","line":40,"loc":{"start":{"line":40,"column":9},"end":{"line":40,"column":24}}},"15":{"name":"(anonymous_15)","line":49,"loc":{"start":{"line":49,"column":17},"end":{"line":49,"column":32}}},"16":{"name":"(anonymous_16)","line":53,"loc":{"start":{"line":53,"column":13},"end":{"line":53,"column":25}}},"17":{"name":"(anonymous_17)","line":57,"loc":{"start":{"line":57,"column":15},"end":{"line":57,"column":34}}},"18":{"name":"(anonymous_18)","line":89,"loc":{"start":{"line":89,"column":16},"end":{"line":89,"column":35}}},"19":{"name":"(anonymous_19)","line":94,"loc":{"start":{"line":94,"column":13},"end":{"line":94,"column":32}}},"20":{"name":"(anonymous_20)","line":125,"loc":{"start":{"line":125,"column":15},"end":{"line":125,"column":27}}},"21":{"name":"(anonymous_21)","line":126,"loc":{"start":{"line":126,"column":9},"end":{"line":126,"column":20}}},"22":{"name":"(anonymous_22)","line":131,"loc":{"start":{"line":131,"column":15},"end":{"line":131,"column":27}}},"23":{"name":"(anonymous_23)","line":135,"loc":{"start":{"line":135,"column":12},"end":{"line":135,"column":40}}},"24":{"name":"(anonymous_24)","line":153,"loc":{"start":{"line":153,"column":12},"end":{"line":153,"column":41}}},"25":{"name":"tickStep","line":162,"loc":{"start":{"line":162,"column":0},"end":{"line":162,"column":38}}},"26":{"name":"(anonymous_26)","line":172,"loc":{"start":{"line":172,"column":14},"end":{"line":172,"column":31}}},"27":{"name":"(anonymous_27)","line":176,"loc":{"start":{"line":176,"column":16},"end":{"line":176,"column":27}}},"28":{"name":"histogram","line":181,"loc":{"start":{"line":181,"column":2},"end":{"line":181,"column":27}}},"29":{"name":"(anonymous_29)","line":225,"loc":{"start":{"line":225,"column":20},"end":{"line":225,"column":32}}},"30":{"name":"(anonymous_30)","line":229,"loc":{"start":{"line":229,"column":21},"end":{"line":229,"column":33}}},"31":{"name":"(anonymous_31)","line":233,"loc":{"start":{"line":233,"column":25},"end":{"line":233,"column":37}}},"32":{"name":"(anonymous_32)","line":240,"loc":{"start":{"line":240,"column":15},"end":{"line":240,"column":37}}},"33":{"name":"(anonymous_33)","line":253,"loc":{"start":{"line":253,"column":23},"end":{"line":253,"column":50}}},"34":{"name":"(anonymous_34)","line":258,"loc":{"start":{"line":258,"column":12},"end":{"line":258,"column":39}}},"35":{"name":"(anonymous_35)","line":262,"loc":{"start":{"line":262,"column":10},"end":{"line":262,"column":29}}},"36":{"name":"(anonymous_36)","line":281,"loc":{"start":{"line":281,"column":11},"end":{"line":281,"column":30}}},"37":{"name":"(anonymous_37)","line":299,"loc":{"start":{"line":299,"column":13},"end":{"line":299,"column":32}}},"38":{"name":"(anonymous_38)","line":316,"loc":{"start":{"line":316,"column":12},"end":{"line":316,"column":29}}},"39":{"name":"(anonymous_39)","line":338,"loc":{"start":{"line":338,"column":10},"end":{"line":338,"column":29}}},"40":{"name":"(anonymous_40)","line":357,"loc":{"start":{"line":357,"column":12},"end":{"line":357,"column":28}}},"41":{"name":"(anonymous_41)","line":363,"loc":{"start":{"line":363,"column":14},"end":{"line":363,"column":39}}},"42":{"name":"(anonymous_42)","line":369,"loc":{"start":{"line":369,"column":11},"end":{"line":369,"column":36}}},"43":{"name":"(anonymous_43)","line":384,"loc":{"start":{"line":384,"column":14},"end":{"line":384,"column":38}}},"44":{"name":"(anonymous_44)","line":399,"loc":{"start":{"line":399,"column":10},"end":{"line":399,"column":29}}},"45":{"name":"(anonymous_45)","line":416,"loc":{"start":{"line":416,"column":16},"end":{"line":416,"column":33}}},"46":{"name":"length","line":426,"loc":{"start":{"line":426,"column":0},"end":{"line":426,"column":19}}},"47":{"name":"(anonymous_47)","line":430,"loc":{"start":{"line":430,"column":10},"end":{"line":430,"column":21}}},"48":{"name":"(anonymous_48)","line":468,"loc":{"start":{"line":468,"column":9},"end":{"line":468,"column":41}}},"49":{"name":"(anonymous_49)","line":470,"loc":{"start":{"line":470,"column":1},"end":{"line":470,"column":28}}},"50":{"name":"(anonymous_50)","line":474,"loc":{"start":{"line":474,"column":9},"end":{"line":474,"column":28}}},"51":{"name":"newInterval","line":479,"loc":{"start":{"line":479,"column":0},"end":{"line":479,"column":52}}},"52":{"name":"interval","line":481,"loc":{"start":{"line":481,"column":2},"end":{"line":481,"column":26}}},"53":{"name":"(anonymous_53)","line":487,"loc":{"start":{"line":487,"column":18},"end":{"line":487,"column":33}}},"54":{"name":"(anonymous_54)","line":491,"loc":{"start":{"line":491,"column":19},"end":{"line":491,"column":34}}},"55":{"name":"(anonymous_55)","line":497,"loc":{"start":{"line":497,"column":20},"end":{"line":497,"column":41}}},"56":{"name":"(anonymous_56)","line":501,"loc":{"start":{"line":501,"column":19},"end":{"line":501,"column":47}}},"57":{"name":"(anonymous_57)","line":510,"loc":{"start":{"line":510,"column":20},"end":{"line":510,"column":35}}},"58":{"name":"(anonymous_58)","line":511,"loc":{"start":{"line":511,"column":23},"end":{"line":511,"column":38}}},"59":{"name":"(anonymous_59)","line":513,"loc":{"start":{"line":513,"column":7},"end":{"line":513,"column":28}}},"60":{"name":"(anonymous_60)","line":519,"loc":{"start":{"line":519,"column":21},"end":{"line":519,"column":42}}},"61":{"name":"(anonymous_61)","line":525,"loc":{"start":{"line":525,"column":21},"end":{"line":525,"column":36}}},"62":{"name":"(anonymous_62)","line":530,"loc":{"start":{"line":530,"column":16},"end":{"line":530,"column":28}}},"63":{"name":"(anonymous_63)","line":531,"loc":{"start":{"line":531,"column":16},"end":{"line":531,"column":28}}},"64":{"name":"(anonymous_64)","line":538,"loc":{"start":{"line":538,"column":30},"end":{"line":538,"column":41}}},"65":{"name":"(anonymous_65)","line":540,"loc":{"start":{"line":540,"column":3},"end":{"line":540,"column":24}}},"66":{"name":"(anonymous_66)","line":542,"loc":{"start":{"line":542,"column":3},"end":{"line":542,"column":24}}},"67":{"name":"(anonymous_67)","line":547,"loc":{"start":{"line":547,"column":20},"end":{"line":547,"column":32}}},"68":{"name":"(anonymous_68)","line":551,"loc":{"start":{"line":551,"column":21},"end":{"line":551,"column":36}}},"69":{"name":"(anonymous_69)","line":553,"loc":{"start":{"line":553,"column":5},"end":{"line":553,"column":26}}},"70":{"name":"(anonymous_70)","line":555,"loc":{"start":{"line":555,"column":5},"end":{"line":555,"column":26}}},"71":{"name":"(anonymous_71)","line":568,"loc":{"start":{"line":568,"column":25},"end":{"line":568,"column":40}}},"72":{"name":"(anonymous_72)","line":570,"loc":{"start":{"line":570,"column":3},"end":{"line":570,"column":24}}},"73":{"name":"(anonymous_73)","line":572,"loc":{"start":{"line":572,"column":3},"end":{"line":572,"column":24}}},"74":{"name":"(anonymous_74)","line":574,"loc":{"start":{"line":574,"column":3},"end":{"line":574,"column":18}}},"75":{"name":"(anonymous_75)","line":580,"loc":{"start":{"line":580,"column":25},"end":{"line":580,"column":40}}},"76":{"name":"(anonymous_76)","line":582,"loc":{"start":{"line":582,"column":3},"end":{"line":582,"column":24}}},"77":{"name":"(anonymous_77)","line":584,"loc":{"start":{"line":584,"column":3},"end":{"line":584,"column":24}}},"78":{"name":"(anonymous_78)","line":586,"loc":{"start":{"line":586,"column":3},"end":{"line":586,"column":18}}},"79":{"name":"(anonymous_79)","line":592,"loc":{"start":{"line":592,"column":23},"end":{"line":592,"column":38}}},"80":{"name":"(anonymous_80)","line":596,"loc":{"start":{"line":596,"column":3},"end":{"line":596,"column":24}}},"81":{"name":"(anonymous_81)","line":598,"loc":{"start":{"line":598,"column":3},"end":{"line":598,"column":24}}},"82":{"name":"(anonymous_82)","line":600,"loc":{"start":{"line":600,"column":3},"end":{"line":600,"column":18}}},"83":{"name":"(anonymous_83)","line":606,"loc":{"start":{"line":606,"column":22},"end":{"line":606,"column":37}}},"84":{"name":"(anonymous_84)","line":608,"loc":{"start":{"line":608,"column":3},"end":{"line":608,"column":24}}},"85":{"name":"(anonymous_85)","line":610,"loc":{"start":{"line":610,"column":3},"end":{"line":610,"column":24}}},"86":{"name":"(anonymous_86)","line":612,"loc":{"start":{"line":612,"column":3},"end":{"line":612,"column":18}}},"87":{"name":"weekday","line":618,"loc":{"start":{"line":618,"column":0},"end":{"line":618,"column":20}}},"88":{"name":"(anonymous_88)","line":619,"loc":{"start":{"line":619,"column":21},"end":{"line":619,"column":36}}},"89":{"name":"(anonymous_89)","line":622,"loc":{"start":{"line":622,"column":5},"end":{"line":622,"column":26}}},"90":{"name":"(anonymous_90)","line":624,"loc":{"start":{"line":624,"column":5},"end":{"line":624,"column":26}}},"91":{"name":"(anonymous_91)","line":645,"loc":{"start":{"line":645,"column":24},"end":{"line":645,"column":39}}},"92":{"name":"(anonymous_92)","line":648,"loc":{"start":{"line":648,"column":3},"end":{"line":648,"column":24}}},"93":{"name":"(anonymous_93)","line":650,"loc":{"start":{"line":650,"column":3},"end":{"line":650,"column":24}}},"94":{"name":"(anonymous_94)","line":652,"loc":{"start":{"line":652,"column":3},"end":{"line":652,"column":18}}},"95":{"name":"(anonymous_95)","line":658,"loc":{"start":{"line":658,"column":23},"end":{"line":658,"column":38}}},"96":{"name":"(anonymous_96)","line":661,"loc":{"start":{"line":661,"column":3},"end":{"line":661,"column":24}}},"97":{"name":"(anonymous_97)","line":663,"loc":{"start":{"line":663,"column":3},"end":{"line":663,"column":24}}},"98":{"name":"(anonymous_98)","line":665,"loc":{"start":{"line":665,"column":3},"end":{"line":665,"column":18}}},"99":{"name":"(anonymous_99)","line":670,"loc":{"start":{"line":670,"column":13},"end":{"line":670,"column":25}}},"100":{"name":"(anonymous_100)","line":671,"loc":{"start":{"line":671,"column":71},"end":{"line":671,"column":86}}},"101":{"name":"(anonymous_101)","line":675,"loc":{"start":{"line":675,"column":5},"end":{"line":675,"column":26}}},"102":{"name":"(anonymous_102)","line":682,"loc":{"start":{"line":682,"column":28},"end":{"line":682,"column":43}}},"103":{"name":"(anonymous_103)","line":684,"loc":{"start":{"line":684,"column":3},"end":{"line":684,"column":24}}},"104":{"name":"(anonymous_104)","line":686,"loc":{"start":{"line":686,"column":3},"end":{"line":686,"column":24}}},"105":{"name":"(anonymous_105)","line":688,"loc":{"start":{"line":688,"column":3},"end":{"line":688,"column":18}}},"106":{"name":"(anonymous_106)","line":694,"loc":{"start":{"line":694,"column":26},"end":{"line":694,"column":41}}},"107":{"name":"(anonymous_107)","line":696,"loc":{"start":{"line":696,"column":3},"end":{"line":696,"column":24}}},"108":{"name":"(anonymous_108)","line":698,"loc":{"start":{"line":698,"column":3},"end":{"line":698,"column":24}}},"109":{"name":"(anonymous_109)","line":700,"loc":{"start":{"line":700,"column":3},"end":{"line":700,"column":18}}},"110":{"name":"(anonymous_110)","line":706,"loc":{"start":{"line":706,"column":25},"end":{"line":706,"column":40}}},"111":{"name":"(anonymous_111)","line":708,"loc":{"start":{"line":708,"column":3},"end":{"line":708,"column":24}}},"112":{"name":"(anonymous_112)","line":710,"loc":{"start":{"line":710,"column":3},"end":{"line":710,"column":24}}},"113":{"name":"(anonymous_113)","line":712,"loc":{"start":{"line":712,"column":3},"end":{"line":712,"column":18}}},"114":{"name":"utcWeekday","line":718,"loc":{"start":{"line":718,"column":0},"end":{"line":718,"column":23}}},"115":{"name":"(anonymous_115)","line":719,"loc":{"start":{"line":719,"column":21},"end":{"line":719,"column":36}}},"116":{"name":"(anonymous_116)","line":722,"loc":{"start":{"line":722,"column":5},"end":{"line":722,"column":26}}},"117":{"name":"(anonymous_117)","line":724,"loc":{"start":{"line":724,"column":5},"end":{"line":724,"column":26}}},"118":{"name":"(anonymous_118)","line":745,"loc":{"start":{"line":745,"column":27},"end":{"line":745,"column":42}}},"119":{"name":"(anonymous_119)","line":748,"loc":{"start":{"line":748,"column":3},"end":{"line":748,"column":24}}},"120":{"name":"(anonymous_120)","line":750,"loc":{"start":{"line":750,"column":3},"end":{"line":750,"column":24}}},"121":{"name":"(anonymous_121)","line":752,"loc":{"start":{"line":752,"column":3},"end":{"line":752,"column":18}}},"122":{"name":"(anonymous_122)","line":758,"loc":{"start":{"line":758,"column":26},"end":{"line":758,"column":41}}},"123":{"name":"(anonymous_123)","line":761,"loc":{"start":{"line":761,"column":3},"end":{"line":761,"column":24}}},"124":{"name":"(anonymous_124)","line":763,"loc":{"start":{"line":763,"column":3},"end":{"line":763,"column":24}}},"125":{"name":"(anonymous_125)","line":765,"loc":{"start":{"line":765,"column":3},"end":{"line":765,"column":18}}},"126":{"name":"(anonymous_126)","line":770,"loc":{"start":{"line":770,"column":16},"end":{"line":770,"column":28}}},"127":{"name":"(anonymous_127)","line":771,"loc":{"start":{"line":771,"column":71},"end":{"line":771,"column":86}}},"128":{"name":"(anonymous_128)","line":775,"loc":{"start":{"line":775,"column":5},"end":{"line":775,"column":26}}},"129":{"name":"(anonymous_129)","line":848,"loc":{"start":{"line":848,"column":9},"end":{"line":848,"column":41}}},"130":{"name":"(anonymous_130)","line":850,"loc":{"start":{"line":850,"column":44},"end":{"line":850,"column":60}}},"131":{"name":"__","line":852,"loc":{"start":{"line":852,"column":4},"end":{"line":852,"column":18}}},"132":{"name":"(anonymous_132)","line":861,"loc":{"start":{"line":861,"column":20},"end":{"line":861,"column":38}}},"133":{"name":"BubbleSpiral","line":863,"loc":{"start":{"line":863,"column":4},"end":{"line":863,"column":35}}},"134":{"name":"(anonymous_134)","line":870,"loc":{"start":{"line":870,"column":45},"end":{"line":870,"column":58}}},"135":{"name":"(anonymous_135)","line":878,"loc":{"start":{"line":878,"column":46},"end":{"line":878,"column":59}}},"136":{"name":"(anonymous_136)","line":884,"loc":{"start":{"line":884,"column":36},"end":{"line":884,"column":52}}},"137":{"name":"(anonymous_137)","line":897,"loc":{"start":{"line":897,"column":24},"end":{"line":897,"column":37}}},"138":{"name":"(anonymous_138)","line":898,"loc":{"start":{"line":898,"column":24},"end":{"line":898,"column":37}}},"139":{"name":"(anonymous_139)","line":899,"loc":{"start":{"line":899,"column":23},"end":{"line":899,"column":36}}},"140":{"name":"(anonymous_140)","line":900,"loc":{"start":{"line":900,"column":44},"end":{"line":900,"column":57}}},"141":{"name":"(anonymous_141)","line":900,"loc":{"start":{"line":900,"column":90},"end":{"line":900,"column":102}}},"142":{"name":"(anonymous_142)","line":909,"loc":{"start":{"line":909,"column":36},"end":{"line":909,"column":52}}},"143":{"name":"(anonymous_143)","line":917,"loc":{"start":{"line":917,"column":25},"end":{"line":917,"column":57}}},"144":{"name":"(anonymous_144)","line":922,"loc":{"start":{"line":922,"column":15},"end":{"line":922,"column":27}}},"145":{"name":"Complex","line":923,"loc":{"start":{"line":923,"column":4},"end":{"line":923,"column":33}}},"146":{"name":"(anonymous_146)","line":931,"loc":{"start":{"line":931,"column":18},"end":{"line":931,"column":31}}},"147":{"name":"(anonymous_147)","line":939,"loc":{"start":{"line":939,"column":19},"end":{"line":939,"column":32}}},"148":{"name":"(anonymous_148)","line":946,"loc":{"start":{"line":946,"column":13},"end":{"line":946,"column":25}}},"149":{"name":"(anonymous_149)","line":955,"loc":{"start":{"line":955,"column":31},"end":{"line":955,"column":43}}},"150":{"name":"(anonymous_150)","line":961,"loc":{"start":{"line":961,"column":30},"end":{"line":961,"column":42}}},"151":{"name":"(anonymous_151)","line":967,"loc":{"start":{"line":967,"column":32},"end":{"line":967,"column":44}}},"152":{"name":"(anonymous_152)","line":976,"loc":{"start":{"line":976,"column":30},"end":{"line":976,"column":43}}},"153":{"name":"(anonymous_153)","line":982,"loc":{"start":{"line":982,"column":35},"end":{"line":982,"column":48}}},"154":{"name":"(anonymous_154)","line":988,"loc":{"start":{"line":988,"column":29},"end":{"line":988,"column":42}}},"155":{"name":"(anonymous_155)","line":994,"loc":{"start":{"line":994,"column":30},"end":{"line":994,"column":43}}},"156":{"name":"(anonymous_156)","line":1001,"loc":{"start":{"line":1001,"column":9},"end":{"line":1001,"column":41}}},"157":{"name":"(anonymous_157)","line":1002,"loc":{"start":{"line":1002,"column":1},"end":{"line":1002,"column":18}}},"158":{"name":"(anonymous_158)","line":1004,"loc":{"start":{"line":1004,"column":44},"end":{"line":1004,"column":60}}},"159":{"name":"__","line":1006,"loc":{"start":{"line":1006,"column":4},"end":{"line":1006,"column":18}}},"160":{"name":"(anonymous_160)","line":1011,"loc":{"start":{"line":1011,"column":17},"end":{"line":1011,"column":35}}},"161":{"name":"LineChart","line":1013,"loc":{"start":{"line":1013,"column":4},"end":{"line":1013,"column":32}}},"162":{"name":"(anonymous_162)","line":1019,"loc":{"start":{"line":1019,"column":13},"end":{"line":1019,"column":25}}},"163":{"name":"(anonymous_163)","line":1026,"loc":{"start":{"line":1026,"column":13},"end":{"line":1026,"column":25}}},"164":{"name":"(anonymous_164)","line":1032,"loc":{"start":{"line":1032,"column":33},"end":{"line":1032,"column":49}}},"165":{"name":"(anonymous_165)","line":1042,"loc":{"start":{"line":1042,"column":33},"end":{"line":1042,"column":46}}},"166":{"name":"(anonymous_166)","line":1043,"loc":{"start":{"line":1043,"column":33},"end":{"line":1043,"column":46}}},"167":{"name":"(anonymous_167)","line":1045,"loc":{"start":{"line":1045,"column":15},"end":{"line":1045,"column":28}}},"168":{"name":"(anonymous_168)","line":1046,"loc":{"start":{"line":1046,"column":15},"end":{"line":1046,"column":28}}},"169":{"name":"(anonymous_169)","line":1066,"loc":{"start":{"line":1066,"column":24},"end":{"line":1066,"column":56}}},"170":{"name":"(anonymous_170)","line":1067,"loc":{"start":{"line":1067,"column":1},"end":{"line":1067,"column":18}}},"171":{"name":"(anonymous_171)","line":1069,"loc":{"start":{"line":1069,"column":44},"end":{"line":1069,"column":60}}},"172":{"name":"__","line":1071,"loc":{"start":{"line":1071,"column":4},"end":{"line":1071,"column":18}}},"173":{"name":"(anonymous_173)","line":1084,"loc":{"start":{"line":1084,"column":18},"end":{"line":1084,"column":36}}},"174":{"name":"LineSpiral","line":1086,"loc":{"start":{"line":1086,"column":4},"end":{"line":1086,"column":33}}},"175":{"name":"(anonymous_175)","line":1095,"loc":{"start":{"line":1095,"column":13},"end":{"line":1095,"column":29}}},"176":{"name":"(anonymous_176)","line":1100,"loc":{"start":{"line":1100,"column":58},"end":{"line":1100,"column":71}}},"177":{"name":"(anonymous_177)","line":1101,"loc":{"start":{"line":1101,"column":58},"end":{"line":1101,"column":71}}},"178":{"name":"(anonymous_178)","line":1102,"loc":{"start":{"line":1102,"column":57},"end":{"line":1102,"column":70}}},"179":{"name":"(anonymous_179)","line":1108,"loc":{"start":{"line":1108,"column":34},"end":{"line":1108,"column":46}}},"180":{"name":"(anonymous_180)","line":1116,"loc":{"start":{"line":1116,"column":53},"end":{"line":1116,"column":66}}},"181":{"name":"(anonymous_181)","line":1118,"loc":{"start":{"line":1118,"column":15},"end":{"line":1118,"column":28}}},"182":{"name":"(anonymous_182)","line":1119,"loc":{"start":{"line":1119,"column":15},"end":{"line":1119,"column":28}}},"183":{"name":"(anonymous_183)","line":1126,"loc":{"start":{"line":1126,"column":37},"end":{"line":1126,"column":50}}},"184":{"name":"(anonymous_184)","line":1127,"loc":{"start":{"line":1127,"column":40},"end":{"line":1127,"column":53}}},"185":{"name":"(anonymous_185)","line":1138,"loc":{"start":{"line":1138,"column":34},"end":{"line":1138,"column":50}}},"186":{"name":"(anonymous_186)","line":1149,"loc":{"start":{"line":1149,"column":38},"end":{"line":1149,"column":70}}},"187":{"name":"(anonymous_187)","line":1150,"loc":{"start":{"line":1150,"column":1},"end":{"line":1150,"column":18}}},"188":{"name":"(anonymous_188)","line":1152,"loc":{"start":{"line":1152,"column":44},"end":{"line":1152,"column":60}}},"189":{"name":"__","line":1154,"loc":{"start":{"line":1154,"column":4},"end":{"line":1154,"column":18}}},"190":{"name":"(anonymous_190)","line":1168,"loc":{"start":{"line":1168,"column":18},"end":{"line":1168,"column":36}}},"191":{"name":"SpiralBase","line":1170,"loc":{"start":{"line":1170,"column":4},"end":{"line":1170,"column":33}}},"192":{"name":"(anonymous_192)","line":1184,"loc":{"start":{"line":1184,"column":39},"end":{"line":1184,"column":52}}},"193":{"name":"(anonymous_193)","line":1191,"loc":{"start":{"line":1191,"column":24},"end":{"line":1191,"column":40}}},"194":{"name":"(anonymous_194)","line":1202,"loc":{"start":{"line":1202,"column":37},"end":{"line":1202,"column":50}}},"195":{"name":"(anonymous_195)","line":1208,"loc":{"start":{"line":1208,"column":37},"end":{"line":1208,"column":50}}},"196":{"name":"(anonymous_196)","line":1214,"loc":{"start":{"line":1214,"column":46},"end":{"line":1214,"column":62}}},"197":{"name":"(anonymous_197)","line":1216,"loc":{"start":{"line":1216,"column":37},"end":{"line":1216,"column":50}}},"198":{"name":"(anonymous_198)","line":1220,"loc":{"start":{"line":1220,"column":15},"end":{"line":1220,"column":28}}},"199":{"name":"(anonymous_199)","line":1221,"loc":{"start":{"line":1221,"column":15},"end":{"line":1221,"column":28}}},"200":{"name":"(anonymous_200)","line":1236,"loc":{"start":{"line":1236,"column":36},"end":{"line":1236,"column":71}}},"201":{"name":"(anonymous_201)","line":1238,"loc":{"start":{"line":1238,"column":20},"end":{"line":1238,"column":33}}},"202":{"name":"(anonymous_202)","line":1239,"loc":{"start":{"line":1239,"column":18},"end":{"line":1239,"column":31}}},"203":{"name":"(anonymous_203)","line":1244,"loc":{"start":{"line":1244,"column":24},"end":{"line":1244,"column":37}}},"204":{"name":"(anonymous_204)","line":1244,"loc":{"start":{"line":1244,"column":72},"end":{"line":1244,"column":85}}},"205":{"name":"(anonymous_205)","line":1245,"loc":{"start":{"line":1245,"column":24},"end":{"line":1245,"column":37}}},"206":{"name":"(anonymous_206)","line":1245,"loc":{"start":{"line":1245,"column":70},"end":{"line":1245,"column":83}}},"207":{"name":"(anonymous_207)","line":1249,"loc":{"start":{"line":1249,"column":23},"end":{"line":1249,"column":36}}},"208":{"name":"(anonymous_208)","line":1250,"loc":{"start":{"line":1250,"column":23},"end":{"line":1250,"column":36}}},"209":{"name":"(anonymous_209)","line":1252,"loc":{"start":{"line":1252,"column":18},"end":{"line":1252,"column":34}}},"210":{"name":"(anonymous_210)","line":1262,"loc":{"start":{"line":1262,"column":24},"end":{"line":1262,"column":56}}},"211":{"name":"(anonymous_211)","line":1264,"loc":{"start":{"line":1264,"column":44},"end":{"line":1264,"column":60}}},"212":{"name":"__","line":1266,"loc":{"start":{"line":1266,"column":4},"end":{"line":1266,"column":18}}},"213":{"name":"(anonymous_213)","line":1273,"loc":{"start":{"line":1273,"column":25},"end":{"line":1273,"column":43}}},"214":{"name":"TimedBubbleSpiral","line":1275,"loc":{"start":{"line":1275,"column":4},"end":{"line":1275,"column":40}}},"215":{"name":"(anonymous_215)","line":1277,"loc":{"start":{"line":1277,"column":26},"end":{"line":1277,"column":39}}},"216":{"name":"(anonymous_216)","line":1285,"loc":{"start":{"line":1285,"column":27},"end":{"line":1285,"column":40}}},"217":{"name":"(anonymous_217)","line":1291,"loc":{"start":{"line":1291,"column":13},"end":{"line":1291,"column":25}}},"218":{"name":"(anonymous_218)","line":1294,"loc":{"start":{"line":1294,"column":13},"end":{"line":1294,"column":26}}},"219":{"name":"(anonymous_219)","line":1303,"loc":{"start":{"line":1303,"column":13},"end":{"line":1303,"column":26}}},"220":{"name":"(anonymous_220)","line":1311,"loc":{"start":{"line":1311,"column":44},"end":{"line":1311,"column":57}}},"221":{"name":"(anonymous_221)","line":1314,"loc":{"start":{"line":1314,"column":41},"end":{"line":1314,"column":53}}},"222":{"name":"(anonymous_222)","line":1316,"loc":{"start":{"line":1316,"column":50},"end":{"line":1316,"column":63}}},"223":{"name":"(anonymous_223)","line":1316,"loc":{"start":{"line":1316,"column":129},"end":{"line":1316,"column":142}}},"224":{"name":"(anonymous_224)","line":1323,"loc":{"start":{"line":1323,"column":50},"end":{"line":1323,"column":82}}},"225":{"name":"(anonymous_225)","line":1325,"loc":{"start":{"line":1325,"column":17},"end":{"line":1325,"column":29}}},"226":{"name":"Cartesian","line":1326,"loc":{"start":{"line":1326,"column":4},"end":{"line":1326,"column":29}}},"227":{"name":"(anonymous_227)","line":1333,"loc":{"start":{"line":1333,"column":13},"end":{"line":1333,"column":25}}},"228":{"name":"Polar","line":1334,"loc":{"start":{"line":1334,"column":4},"end":{"line":1334,"column":27}}},"229":{"name":"(anonymous_229)","line":1339,"loc":{"start":{"line":1339,"column":13},"end":{"line":1339,"column":25}}},"230":{"name":"(anonymous_230)","line":1344,"loc":{"start":{"line":1344,"column":13},"end":{"line":1344,"column":25}}},"231":{"name":"(anonymous_231)","line":1348,"loc":{"start":{"line":1348,"column":28},"end":{"line":1348,"column":42}}},"232":{"name":"(anonymous_232)","line":1354,"loc":{"start":{"line":1354,"column":12},"end":{"line":1354,"column":24}}},"233":{"name":"Base","line":1355,"loc":{"start":{"line":1355,"column":4},"end":{"line":1355,"column":27}}},"234":{"name":"(anonymous_234)","line":1360,"loc":{"start":{"line":1360,"column":28},"end":{"line":1360,"column":41}}},"235":{"name":"(anonymous_235)","line":1367,"loc":{"start":{"line":1367,"column":10},"end":{"line":1367,"column":42}}},"236":{"name":"fft","line":1390,"loc":{"start":{"line":1390,"column":0},"end":{"line":1390,"column":16}}},"237":{"name":"ifft","line":1425,"loc":{"start":{"line":1425,"column":0},"end":{"line":1425,"column":17}}},"238":{"name":"(anonymous_238)","line":1426,"loc":{"start":{"line":1426,"column":22},"end":{"line":1426,"column":35}}},"239":{"name":"(anonymous_239)","line":1427,"loc":{"start":{"line":1427,"column":17},"end":{"line":1427,"column":30}}},"240":{"name":"(anonymous_240)","line":1431,"loc":{"start":{"line":1431,"column":23},"end":{"line":1431,"column":55}}}},"statementMap":{"1":{"start":{"line":1,"column":0},"end":{"line":1450,"column":3}},"2":{"start":{"line":1,"column":13},"end":{"line":1,"column":319}},"3":{"start":{"line":1,"column":72},"end":{"line":1,"column":90}},"4":{"start":{"line":1,"column":96},"end":{"line":1,"column":319}},"5":{"start":{"line":1,"column":139},"end":{"line":1,"column":151}},"6":{"start":{"line":1,"column":157},"end":{"line":1,"column":163}},"7":{"start":{"line":1,"column":163},"end":{"line":1,"column":304}},"8":{"start":{"line":1,"column":195},"end":{"line":1,"column":203}},"9":{"start":{"line":1,"column":209},"end":{"line":1,"column":304}},"10":{"start":{"line":1,"column":241},"end":{"line":1,"column":249}},"11":{"start":{"line":1,"column":255},"end":{"line":1,"column":304}},"12":{"start":{"line":1,"column":285},"end":{"line":1,"column":291}},"13":{"start":{"line":1,"column":297},"end":{"line":1,"column":303}},"14":{"start":{"line":1,"column":304},"end":{"line":1,"column":318}},"15":{"start":{"line":1,"column":333},"end":{"line":1,"column":359}},"16":{"start":{"line":1,"column":359},"end":{"line":1449,"column":140}},"17":{"start":{"line":1,"column":385},"end":{"line":1,"column":721}},"18":{"start":{"line":1,"column":401},"end":{"line":1,"column":701}},"19":{"start":{"line":1,"column":411},"end":{"line":1,"column":587}},"20":{"start":{"line":1,"column":421},"end":{"line":1,"column":463}},"21":{"start":{"line":1,"column":463},"end":{"line":1,"column":487}},"22":{"start":{"line":1,"column":472},"end":{"line":1,"column":487}},"23":{"start":{"line":1,"column":487},"end":{"line":1,"column":507}},"24":{"start":{"line":1,"column":492},"end":{"line":1,"column":507}},"25":{"start":{"line":1,"column":507},"end":{"line":1,"column":553}},"26":{"start":{"line":1,"column":553},"end":{"line":1,"column":586}},"27":{"start":{"line":1,"column":587},"end":{"line":1,"column":611}},"28":{"start":{"line":1,"column":611},"end":{"line":1,"column":700}},"29":{"start":{"line":1,"column":646},"end":{"line":1,"column":663}},"30":{"start":{"line":1,"column":663},"end":{"line":1,"column":678}},"31":{"start":{"line":1,"column":701},"end":{"line":1,"column":720}},"32":{"start":{"line":1,"column":721},"end":{"line":1,"column":763}},"33":{"start":{"line":1,"column":763},"end":{"line":1,"column":798}},"34":{"start":{"line":1,"column":790},"end":{"line":1,"column":798}},"35":{"start":{"line":1,"column":798},"end":{"line":1,"column":806}},"36":{"start":{"line":3,"column":0},"end":{"line":466,"column":5}},"37":{"start":{"line":4,"column":2},"end":{"line":6,"column":43}},"38":{"start":{"line":9,"column":0},"end":{"line":11,"column":2}},"39":{"start":{"line":10,"column":2},"end":{"line":10,"column":51}},"40":{"start":{"line":13,"column":0},"end":{"line":37,"column":2}},"41":{"start":{"line":14,"column":2},"end":{"line":14,"column":67}},"42":{"start":{"line":14,"column":28},"end":{"line":14,"column":67}},"43":{"start":{"line":15,"column":2},"end":{"line":36,"column":4}},"44":{"start":{"line":17,"column":6},"end":{"line":17,"column":29}},"45":{"start":{"line":17,"column":22},"end":{"line":17,"column":29}},"46":{"start":{"line":18,"column":6},"end":{"line":18,"column":36}},"47":{"start":{"line":18,"column":22},"end":{"line":18,"column":36}},"48":{"start":{"line":19,"column":6},"end":{"line":23,"column":7}},"49":{"start":{"line":20,"column":8},"end":{"line":20,"column":32}},"50":{"start":{"line":21,"column":8},"end":{"line":22,"column":22}},"51":{"start":{"line":21,"column":36},"end":{"line":21,"column":49}},"52":{"start":{"line":22,"column":13},"end":{"line":22,"column":22}},"53":{"start":{"line":24,"column":6},"end":{"line":24,"column":16}},"54":{"start":{"line":27,"column":6},"end":{"line":27,"column":29}},"55":{"start":{"line":27,"column":22},"end":{"line":27,"column":29}},"56":{"start":{"line":28,"column":6},"end":{"line":28,"column":36}},"57":{"start":{"line":28,"column":22},"end":{"line":28,"column":36}},"58":{"start":{"line":29,"column":6},"end":{"line":33,"column":7}},"59":{"start":{"line":30,"column":8},"end":{"line":30,"column":32}},"60":{"start":{"line":31,"column":8},"end":{"line":32,"column":26}},"61":{"start":{"line":31,"column":36},"end":{"line":31,"column":45}},"62":{"start":{"line":32,"column":13},"end":{"line":32,"column":26}},"63":{"start":{"line":34,"column":6},"end":{"line":34,"column":16}},"64":{"start":{"line":39,"column":0},"end":{"line":43,"column":1}},"65":{"start":{"line":40,"column":2},"end":{"line":42,"column":4}},"66":{"start":{"line":41,"column":4},"end":{"line":41,"column":30}},"67":{"start":{"line":45,"column":0},"end":{"line":45,"column":42}},"68":{"start":{"line":46,"column":0},"end":{"line":46,"column":40}},"69":{"start":{"line":47,"column":0},"end":{"line":47,"column":38}},"70":{"start":{"line":49,"column":0},"end":{"line":51,"column":2}},"71":{"start":{"line":50,"column":2},"end":{"line":50,"column":51}},"72":{"start":{"line":53,"column":0},"end":{"line":55,"column":2}},"73":{"start":{"line":54,"column":2},"end":{"line":54,"column":31}},"74":{"start":{"line":57,"column":0},"end":{"line":87,"column":2}},"75":{"start":{"line":58,"column":2},"end":{"line":64,"column":12}},"76":{"start":{"line":66,"column":2},"end":{"line":84,"column":3}},"77":{"start":{"line":67,"column":4},"end":{"line":73,"column":5}},"78":{"start":{"line":68,"column":6},"end":{"line":72,"column":7}},"79":{"start":{"line":69,"column":8},"end":{"line":69,"column":18}},"80":{"start":{"line":70,"column":8},"end":{"line":70,"column":21}},"81":{"start":{"line":71,"column":8},"end":{"line":71,"column":25}},"82":{"start":{"line":77,"column":4},"end":{"line":83,"column":5}},"83":{"start":{"line":78,"column":6},"end":{"line":82,"column":7}},"84":{"start":{"line":79,"column":8},"end":{"line":79,"column":18}},"85":{"start":{"line":80,"column":8},"end":{"line":80,"column":21}},"86":{"start":{"line":81,"column":8},"end":{"line":81,"column":25}},"87":{"start":{"line":86,"column":2},"end":{"line":86,"column":32}},"88":{"start":{"line":86,"column":13},"end":{"line":86,"column":32}},"89":{"start":{"line":89,"column":0},"end":{"line":92,"column":2}},"90":{"start":{"line":90,"column":2},"end":{"line":90,"column":29}},"91":{"start":{"line":91,"column":2},"end":{"line":91,"column":30}},"92":{"start":{"line":94,"column":0},"end":{"line":118,"column":2}},"93":{"start":{"line":95,"column":2},"end":{"line":99,"column":8}},"94":{"start":{"line":101,"column":2},"end":{"line":115,"column":3}},"95":{"start":{"line":102,"column":4},"end":{"line":102,"column":79}},"96":{"start":{"line":102,"column":20},"end":{"line":102,"column":79}},"97":{"start":{"line":102,"column":60},"end":{"line":102,"column":70}},"98":{"start":{"line":102,"column":71},"end":{"line":102,"column":77}},"99":{"start":{"line":103,"column":4},"end":{"line":106,"column":5}},"100":{"start":{"line":103,"column":20},"end":{"line":106,"column":5}},"101":{"start":{"line":104,"column":6},"end":{"line":104,"column":23}},"102":{"start":{"line":104,"column":17},"end":{"line":104,"column":23}},"103":{"start":{"line":105,"column":6},"end":{"line":105,"column":23}},"104":{"start":{"line":105,"column":17},"end":{"line":105,"column":23}},"105":{"start":{"line":110,"column":4},"end":{"line":110,"column":92}},"106":{"start":{"line":110,"column":20},"end":{"line":110,"column":92}},"107":{"start":{"line":110,"column":73},"end":{"line":110,"column":83}},"108":{"start":{"line":110,"column":84},"end":{"line":110,"column":90}},"109":{"start":{"line":111,"column":4},"end":{"line":114,"column":5}},"110":{"start":{"line":111,"column":20},"end":{"line":114,"column":5}},"111":{"start":{"line":112,"column":6},"end":{"line":112,"column":23}},"112":{"start":{"line":112,"column":17},"end":{"line":112,"column":23}},"113":{"start":{"line":113,"column":6},"end":{"line":113,"column":23}},"114":{"start":{"line":113,"column":17},"end":{"line":113,"column":23}},"115":{"start":{"line":117,"column":2},"end":{"line":117,"column":16}},"116":{"start":{"line":120,"column":0},"end":{"line":120,"column":28}},"117":{"start":{"line":122,"column":0},"end":{"line":122,"column":24}},"118":{"start":{"line":123,"column":0},"end":{"line":123,"column":20}},"119":{"start":{"line":125,"column":0},"end":{"line":129,"column":2}},"120":{"start":{"line":126,"column":2},"end":{"line":128,"column":4}},"121":{"start":{"line":127,"column":4},"end":{"line":127,"column":13}},"122":{"start":{"line":131,"column":0},"end":{"line":133,"column":2}},"123":{"start":{"line":132,"column":2},"end":{"line":132,"column":11}},"124":{"start":{"line":135,"column":0},"end":{"line":147,"column":2}},"125":{"start":{"line":136,"column":2},"end":{"line":136,"column":117}},"126":{"start":{"line":138,"column":2},"end":{"line":140,"column":27}},"127":{"start":{"line":142,"column":2},"end":{"line":144,"column":3}},"128":{"start":{"line":143,"column":4},"end":{"line":143,"column":32}},"129":{"start":{"line":146,"column":2},"end":{"line":146,"column":15}},"130":{"start":{"line":149,"column":0},"end":{"line":149,"column":24}},"131":{"start":{"line":150,"column":0},"end":{"line":150,"column":23}},"132":{"start":{"line":151,"column":0},"end":{"line":151,"column":22}},"133":{"start":{"line":153,"column":0},"end":{"line":160,"column":2}},"134":{"start":{"line":154,"column":2},"end":{"line":154,"column":42}},"135":{"start":{"line":155,"column":2},"end":{"line":159,"column":4}},"136":{"start":{"line":162,"column":0},"end":{"line":170,"column":1}},"137":{"start":{"line":163,"column":2},"end":{"line":165,"column":28}},"138":{"start":{"line":166,"column":2},"end":{"line":168,"column":35}},"139":{"start":{"line":166,"column":20},"end":{"line":166,"column":32}},"140":{"start":{"line":167,"column":7},"end":{"line":168,"column":35}},"141":{"start":{"line":167,"column":24},"end":{"line":167,"column":35}},"142":{"start":{"line":168,"column":7},"end":{"line":168,"column":35}},"143":{"start":{"line":168,"column":24},"end":{"line":168,"column":35}},"144":{"start":{"line":169,"column":2},"end":{"line":169,"column":39}},"145":{"start":{"line":172,"column":0},"end":{"line":174,"column":2}},"146":{"start":{"line":173,"column":2},"end":{"line":173,"column":59}},"147":{"start":{"line":176,"column":0},"end":{"line":238,"column":2}},"148":{"start":{"line":177,"column":2},"end":{"line":179,"column":26}},"149":{"start":{"line":181,"column":2},"end":{"line":223,"column":3}},"150":{"start":{"line":182,"column":4},"end":{"line":185,"column":30}},"151":{"start":{"line":187,"column":4},"end":{"line":189,"column":5}},"152":{"start":{"line":188,"column":6},"end":{"line":188,"column":42}},"153":{"start":{"line":191,"column":4},"end":{"line":194,"column":39}},"154":{"start":{"line":197,"column":4},"end":{"line":197,"column":51}},"155":{"start":{"line":197,"column":28},"end":{"line":197,"column":51}},"156":{"start":{"line":200,"column":4},"end":{"line":200,"column":22}},"157":{"start":{"line":201,"column":4},"end":{"line":201,"column":40}},"158":{"start":{"line":201,"column":24},"end":{"line":201,"column":40}},"159":{"start":{"line":202,"column":4},"end":{"line":202,"column":42}},"160":{"start":{"line":202,"column":28},"end":{"line":202,"column":42}},"161":{"start":{"line":204,"column":4},"end":{"line":205,"column":12}},"162":{"start":{"line":208,"column":4},"end":{"line":212,"column":5}},"163":{"start":{"line":209,"column":6},"end":{"line":209,"column":25}},"164":{"start":{"line":210,"column":6},"end":{"line":210,"column":38}},"165":{"start":{"line":211,"column":6},"end":{"line":211,"column":34}},"166":{"start":{"line":215,"column":4},"end":{"line":220,"column":5}},"167":{"start":{"line":216,"column":6},"end":{"line":216,"column":20}},"168":{"start":{"line":217,"column":6},"end":{"line":219,"column":7}},"169":{"start":{"line":218,"column":8},"end":{"line":218,"column":53}},"170":{"start":{"line":222,"column":4},"end":{"line":222,"column":16}},"171":{"start":{"line":225,"column":2},"end":{"line":227,"column":4}},"172":{"start":{"line":226,"column":4},"end":{"line":226,"column":101}},"173":{"start":{"line":229,"column":2},"end":{"line":231,"column":4}},"174":{"start":{"line":230,"column":4},"end":{"line":230,"column":114}},"175":{"start":{"line":233,"column":2},"end":{"line":235,"column":4}},"176":{"start":{"line":234,"column":4},"end":{"line":234,"column":154}},"177":{"start":{"line":237,"column":2},"end":{"line":237,"column":19}},"178":{"start":{"line":240,"column":0},"end":{"line":251,"column":2}},"179":{"start":{"line":241,"column":2},"end":{"line":241,"column":28}},"180":{"start":{"line":241,"column":17},"end":{"line":241,"column":28}},"181":{"start":{"line":242,"column":2},"end":{"line":242,"column":34}},"182":{"start":{"line":242,"column":27},"end":{"line":242,"column":34}},"183":{"start":{"line":243,"column":2},"end":{"line":243,"column":60}},"184":{"start":{"line":243,"column":30},"end":{"line":243,"column":60}},"185":{"start":{"line":244,"column":2},"end":{"line":244,"column":52}},"186":{"start":{"line":244,"column":14},"end":{"line":244,"column":52}},"187":{"start":{"line":245,"column":2},"end":{"line":249,"column":41}},"188":{"start":{"line":250,"column":2},"end":{"line":250,"column":31}},"189":{"start":{"line":253,"column":0},"end":{"line":256,"column":2}},"190":{"start":{"line":254,"column":2},"end":{"line":254,"column":52}},"191":{"start":{"line":255,"column":2},"end":{"line":255,"column":124}},"192":{"start":{"line":258,"column":0},"end":{"line":260,"column":2}},"193":{"start":{"line":259,"column":2},"end":{"line":259,"column":94}},"194":{"start":{"line":262,"column":0},"end":{"line":279,"column":2}},"195":{"start":{"line":263,"column":2},"end":{"line":266,"column":8}},"196":{"start":{"line":268,"column":2},"end":{"line":276,"column":3}},"197":{"start":{"line":269,"column":4},"end":{"line":269,"column":75}},"198":{"start":{"line":269,"column":20},"end":{"line":269,"column":75}},"199":{"start":{"line":269,"column":60},"end":{"line":269,"column":66}},"200":{"start":{"line":269,"column":67},"end":{"line":269,"column":73}},"201":{"start":{"line":270,"column":4},"end":{"line":270,"column":63}},"202":{"start":{"line":270,"column":20},"end":{"line":270,"column":63}},"203":{"start":{"line":270,"column":57},"end":{"line":270,"column":63}},"204":{"start":{"line":274,"column":4},"end":{"line":274,"column":88}},"205":{"start":{"line":274,"column":20},"end":{"line":274,"column":88}},"206":{"start":{"line":274,"column":73},"end":{"line":274,"column":79}},"207":{"start":{"line":274,"column":80},"end":{"line":274,"column":86}},"208":{"start":{"line":275,"column":4},"end":{"line":275,"column":76}},"209":{"start":{"line":275,"column":20},"end":{"line":275,"column":76}},"210":{"start":{"line":275,"column":70},"end":{"line":275,"column":76}},"211":{"start":{"line":278,"column":2},"end":{"line":278,"column":11}},"212":{"start":{"line":281,"column":0},"end":{"line":297,"column":2}},"213":{"start":{"line":282,"column":2},"end":{"line":286,"column":12}},"214":{"start":{"line":288,"column":2},"end":{"line":294,"column":3}},"215":{"start":{"line":289,"column":4},"end":{"line":289,"column":71}},"216":{"start":{"line":289,"column":20},"end":{"line":289,"column":71}},"217":{"start":{"line":289,"column":54},"end":{"line":289,"column":61}},"218":{"start":{"line":289,"column":67},"end":{"line":289,"column":71}},"219":{"start":{"line":293,"column":4},"end":{"line":293,"column":84}},"220":{"start":{"line":293,"column":20},"end":{"line":293,"column":84}},"221":{"start":{"line":293,"column":67},"end":{"line":293,"column":74}},"222":{"start":{"line":293,"column":80},"end":{"line":293,"column":84}},"223":{"start":{"line":296,"column":2},"end":{"line":296,"column":22}},"224":{"start":{"line":296,"column":9},"end":{"line":296,"column":22}},"225":{"start":{"line":299,"column":0},"end":{"line":314,"column":2}},"226":{"start":{"line":300,"column":2},"end":{"line":303,"column":13}},"227":{"start":{"line":305,"column":2},"end":{"line":311,"column":3}},"228":{"start":{"line":306,"column":4},"end":{"line":306,"column":70}},"229":{"start":{"line":306,"column":20},"end":{"line":306,"column":70}},"230":{"start":{"line":306,"column":54},"end":{"line":306,"column":70}},"231":{"start":{"line":310,"column":4},"end":{"line":310,"column":83}},"232":{"start":{"line":310,"column":20},"end":{"line":310,"column":83}},"233":{"start":{"line":310,"column":67},"end":{"line":310,"column":83}},"234":{"start":{"line":313,"column":2},"end":{"line":313,"column":48}},"235":{"start":{"line":316,"column":0},"end":{"line":336,"column":2}},"236":{"start":{"line":317,"column":2},"end":{"line":322,"column":12}},"237":{"start":{"line":324,"column":2},"end":{"line":324,"column":40}},"238":{"start":{"line":324,"column":18},"end":{"line":324,"column":40}},"239":{"start":{"line":325,"column":2},"end":{"line":325,"column":24}},"240":{"start":{"line":327,"column":2},"end":{"line":333,"column":3}},"241":{"start":{"line":328,"column":4},"end":{"line":328,"column":22}},"242":{"start":{"line":329,"column":4},"end":{"line":329,"column":21}},"243":{"start":{"line":330,"column":4},"end":{"line":332,"column":5}},"244":{"start":{"line":331,"column":6},"end":{"line":331,"column":29}},"245":{"start":{"line":335,"column":2},"end":{"line":335,"column":16}},"246":{"start":{"line":338,"column":0},"end":{"line":355,"column":2}},"247":{"start":{"line":339,"column":2},"end":{"line":342,"column":8}},"248":{"start":{"line":344,"column":2},"end":{"line":352,"column":3}},"249":{"start":{"line":345,"column":4},"end":{"line":345,"column":75}},"250":{"start":{"line":345,"column":20},"end":{"line":345,"column":75}},"251":{"start":{"line":345,"column":60},"end":{"line":345,"column":66}},"252":{"start":{"line":345,"column":67},"end":{"line":345,"column":73}},"253":{"start":{"line":346,"column":4},"end":{"line":346,"column":63}},"254":{"start":{"line":346,"column":20},"end":{"line":346,"column":63}},"255":{"start":{"line":346,"column":57},"end":{"line":346,"column":63}},"256":{"start":{"line":350,"column":4},"end":{"line":350,"column":88}},"257":{"start":{"line":350,"column":20},"end":{"line":350,"column":88}},"258":{"start":{"line":350,"column":73},"end":{"line":350,"column":79}},"259":{"start":{"line":350,"column":80},"end":{"line":350,"column":86}},"260":{"start":{"line":351,"column":4},"end":{"line":351,"column":76}},"261":{"start":{"line":351,"column":20},"end":{"line":351,"column":76}},"262":{"start":{"line":351,"column":70},"end":{"line":351,"column":76}},"263":{"start":{"line":354,"column":2},"end":{"line":354,"column":11}},"264":{"start":{"line":357,"column":0},"end":{"line":361,"column":2}},"265":{"start":{"line":358,"column":2},"end":{"line":358,"column":82}},"266":{"start":{"line":359,"column":2},"end":{"line":359,"column":47}},"267":{"start":{"line":359,"column":16},"end":{"line":359,"column":47}},"268":{"start":{"line":360,"column":2},"end":{"line":360,"column":15}},"269":{"start":{"line":363,"column":0},"end":{"line":367,"column":2}},"270":{"start":{"line":364,"column":2},"end":{"line":364,"column":50}},"271":{"start":{"line":365,"column":2},"end":{"line":365,"column":46}},"272":{"start":{"line":365,"column":14},"end":{"line":365,"column":46}},"273":{"start":{"line":366,"column":2},"end":{"line":366,"column":18}},"274":{"start":{"line":369,"column":0},"end":{"line":382,"column":2}},"275":{"start":{"line":370,"column":2},"end":{"line":370,"column":34}},"276":{"start":{"line":370,"column":27},"end":{"line":370,"column":34}},"277":{"start":{"line":371,"column":2},"end":{"line":375,"column":20}},"278":{"start":{"line":377,"column":2},"end":{"line":377,"column":36}},"279":{"start":{"line":377,"column":16},"end":{"line":377,"column":36}},"280":{"start":{"line":379,"column":2},"end":{"line":379,"column":94}},"281":{"start":{"line":379,"column":18},"end":{"line":379,"column":94}},"282":{"start":{"line":379,"column":79},"end":{"line":379,"column":94}},"283":{"start":{"line":381,"column":2},"end":{"line":381,"column":38}},"284":{"start":{"line":381,"column":29},"end":{"line":381,"column":38}},"285":{"start":{"line":384,"column":0},"end":{"line":397,"column":2}},"286":{"start":{"line":385,"column":2},"end":{"line":387,"column":8}},"287":{"start":{"line":389,"column":2},"end":{"line":394,"column":3}},"288":{"start":{"line":390,"column":4},"end":{"line":390,"column":32}},"289":{"start":{"line":391,"column":4},"end":{"line":391,"column":22}},"290":{"start":{"line":392,"column":4},"end":{"line":392,"column":34}},"291":{"start":{"line":393,"column":4},"end":{"line":393,"column":22}},"292":{"start":{"line":396,"column":2},"end":{"line":396,"column":15}},"293":{"start":{"line":399,"column":0},"end":{"line":414,"column":2}},"294":{"start":{"line":400,"column":2},"end":{"line":403,"column":13}},"295":{"start":{"line":405,"column":2},"end":{"line":411,"column":3}},"296":{"start":{"line":406,"column":4},"end":{"line":406,"column":46}},"297":{"start":{"line":406,"column":20},"end":{"line":406,"column":46}},"298":{"start":{"line":406,"column":39},"end":{"line":406,"column":46}},"299":{"start":{"line":410,"column":4},"end":{"line":410,"column":59}},"300":{"start":{"line":410,"column":20},"end":{"line":410,"column":59}},"301":{"start":{"line":410,"column":52},"end":{"line":410,"column":59}},"302":{"start":{"line":413,"column":2},"end":{"line":413,"column":11}},"303":{"start":{"line":416,"column":0},"end":{"line":424,"column":2}},"304":{"start":{"line":417,"column":2},"end":{"line":417,"column":38}},"305":{"start":{"line":417,"column":28},"end":{"line":417,"column":38}},"306":{"start":{"line":418,"column":2},"end":{"line":422,"column":3}},"307":{"start":{"line":419,"column":4},"end":{"line":421,"column":5}},"308":{"start":{"line":420,"column":6},"end":{"line":420,"column":28}},"309":{"start":{"line":423,"column":2},"end":{"line":423,"column":19}},"310":{"start":{"line":426,"column":0},"end":{"line":428,"column":1}},"311":{"start":{"line":427,"column":2},"end":{"line":427,"column":18}},"312":{"start":{"line":430,"column":0},"end":{"line":432,"column":2}},"313":{"start":{"line":431,"column":2},"end":{"line":431,"column":30}},"314":{"start":{"line":434,"column":0},"end":{"line":434,"column":29}},"315":{"start":{"line":435,"column":0},"end":{"line":435,"column":34}},"316":{"start":{"line":436,"column":0},"end":{"line":436,"column":32}},"317":{"start":{"line":437,"column":0},"end":{"line":437,"column":30}},"318":{"start":{"line":438,"column":0},"end":{"line":438,"column":28}},"319":{"start":{"line":439,"column":0},"end":{"line":439,"column":32}},"320":{"start":{"line":440,"column":0},"end":{"line":440,"column":30}},"321":{"start":{"line":441,"column":0},"end":{"line":441,"column":24}},"322":{"start":{"line":442,"column":0},"end":{"line":442,"column":30}},"323":{"start":{"line":443,"column":0},"end":{"line":443,"column":53}},"324":{"start":{"line":444,"column":0},"end":{"line":444,"column":31}},"325":{"start":{"line":445,"column":0},"end":{"line":445,"column":35}},"326":{"start":{"line":446,"column":0},"end":{"line":446,"column":18}},"327":{"start":{"line":447,"column":0},"end":{"line":447,"column":20}},"328":{"start":{"line":448,"column":0},"end":{"line":448,"column":24}},"329":{"start":{"line":449,"column":0},"end":{"line":449,"column":22}},"330":{"start":{"line":450,"column":0},"end":{"line":450,"column":18}},"331":{"start":{"line":451,"column":0},"end":{"line":451,"column":22}},"332":{"start":{"line":452,"column":0},"end":{"line":452,"column":26}},"333":{"start":{"line":453,"column":0},"end":{"line":453,"column":28}},"334":{"start":{"line":454,"column":0},"end":{"line":454,"column":22}},"335":{"start":{"line":455,"column":0},"end":{"line":455,"column":20}},"336":{"start":{"line":456,"column":0},"end":{"line":456,"column":26}},"337":{"start":{"line":457,"column":0},"end":{"line":457,"column":18}},"338":{"start":{"line":458,"column":0},"end":{"line":458,"column":22}},"339":{"start":{"line":459,"column":0},"end":{"line":459,"column":28}},"340":{"start":{"line":460,"column":0},"end":{"line":460,"column":30}},"341":{"start":{"line":461,"column":0},"end":{"line":461,"column":28}},"342":{"start":{"line":462,"column":0},"end":{"line":462,"column":18}},"343":{"start":{"line":464,"column":0},"end":{"line":464,"column":62}},"344":{"start":{"line":470,"column":0},"end":{"line":846,"column":5}},"345":{"start":{"line":471,"column":2},"end":{"line":473,"column":43}},"346":{"start":{"line":476,"column":0},"end":{"line":476,"column":18}},"347":{"start":{"line":477,"column":0},"end":{"line":477,"column":18}},"348":{"start":{"line":479,"column":0},"end":{"line":536,"column":1}},"349":{"start":{"line":481,"column":2},"end":{"line":483,"column":3}},"350":{"start":{"line":482,"column":4},"end":{"line":482,"column":48}},"351":{"start":{"line":485,"column":2},"end":{"line":485,"column":28}},"352":{"start":{"line":487,"column":2},"end":{"line":489,"column":4}},"353":{"start":{"line":488,"column":4},"end":{"line":488,"column":83}},"354":{"start":{"line":491,"column":2},"end":{"line":495,"column":4}},"355":{"start":{"line":492,"column":4},"end":{"line":493,"column":33}},"356":{"start":{"line":494,"column":4},"end":{"line":494,"column":43}},"357":{"start":{"line":497,"column":2},"end":{"line":499,"column":4}},"358":{"start":{"line":498,"column":4},"end":{"line":498,"column":86}},"359":{"start":{"line":501,"column":2},"end":{"line":508,"column":4}},"360":{"start":{"line":502,"column":4},"end":{"line":502,"column":19}},"361":{"start":{"line":503,"column":4},"end":{"line":503,"column":33}},"362":{"start":{"line":504,"column":4},"end":{"line":504,"column":47}},"363":{"start":{"line":505,"column":4},"end":{"line":505,"column":53}},"364":{"start":{"line":505,"column":40},"end":{"line":505,"column":53}},"365":{"start":{"line":506,"column":4},"end":{"line":506,"column":94}},"366":{"start":{"line":506,"column":7},"end":{"line":506,"column":36}},"367":{"start":{"line":507,"column":4},"end":{"line":507,"column":17}},"368":{"start":{"line":510,"column":2},"end":{"line":516,"column":4}},"369":{"start":{"line":511,"column":4},"end":{"line":515,"column":7}},"370":{"start":{"line":512,"column":6},"end":{"line":512,"column":81}},"371":{"start":{"line":512,"column":24},"end":{"line":512,"column":81}},"372":{"start":{"line":512,"column":58},"end":{"line":512,"column":81}},"373":{"start":{"line":514,"column":6},"end":{"line":514,"column":84}},"374":{"start":{"line":514,"column":24},"end":{"line":514,"column":84}},"375":{"start":{"line":514,"column":44},"end":{"line":514,"column":84}},"376":{"start":{"line":518,"column":2},"end":{"line":533,"column":3}},"377":{"start":{"line":519,"column":4},"end":{"line":523,"column":6}},"378":{"start":{"line":520,"column":6},"end":{"line":520,"column":43}},"379":{"start":{"line":521,"column":6},"end":{"line":521,"column":29}},"380":{"start":{"line":522,"column":6},"end":{"line":522,"column":39}},"381":{"start":{"line":525,"column":4},"end":{"line":532,"column":6}},"382":{"start":{"line":526,"column":6},"end":{"line":526,"column":30}},"383":{"start":{"line":527,"column":6},"end":{"line":531,"column":75}},"384":{"start":{"line":530,"column":30},"end":{"line":530,"column":59}},"385":{"start":{"line":531,"column":30},"end":{"line":531,"column":71}},"386":{"start":{"line":535,"column":2},"end":{"line":535,"column":18}},"387":{"start":{"line":538,"column":0},"end":{"line":544,"column":3}},"388":{"start":{"line":541,"column":2},"end":{"line":541,"column":29}},"389":{"start":{"line":543,"column":2},"end":{"line":543,"column":21}},"390":{"start":{"line":547,"column":0},"end":{"line":558,"column":2}},"391":{"start":{"line":548,"column":2},"end":{"line":548,"column":20}},"392":{"start":{"line":549,"column":2},"end":{"line":549,"column":44}},"393":{"start":{"line":549,"column":32},"end":{"line":549,"column":44}},"394":{"start":{"line":550,"column":2},"end":{"line":550,"column":35}},"395":{"start":{"line":550,"column":16},"end":{"line":550,"column":35}},"396":{"start":{"line":551,"column":2},"end":{"line":557,"column":5}},"397":{"start":{"line":552,"column":4},"end":{"line":552,"column":43}},"398":{"start":{"line":554,"column":4},"end":{"line":554,"column":35}},"399":{"start":{"line":556,"column":4},"end":{"line":556,"column":29}},"400":{"start":{"line":560,"column":0},"end":{"line":560,"column":37}},"401":{"start":{"line":562,"column":0},"end":{"line":562,"column":25}},"402":{"start":{"line":563,"column":0},"end":{"line":563,"column":25}},"403":{"start":{"line":564,"column":0},"end":{"line":564,"column":24}},"404":{"start":{"line":565,"column":0},"end":{"line":565,"column":24}},"405":{"start":{"line":566,"column":0},"end":{"line":566,"column":26}},"406":{"start":{"line":568,"column":0},"end":{"line":576,"column":3}},"407":{"start":{"line":569,"column":2},"end":{"line":569,"column":67}},"408":{"start":{"line":571,"column":2},"end":{"line":571,"column":46}},"409":{"start":{"line":573,"column":2},"end":{"line":573,"column":40}},"410":{"start":{"line":575,"column":2},"end":{"line":575,"column":30}},"411":{"start":{"line":578,"column":0},"end":{"line":578,"column":27}},"412":{"start":{"line":580,"column":0},"end":{"line":588,"column":3}},"413":{"start":{"line":581,"column":2},"end":{"line":581,"column":67}},"414":{"start":{"line":583,"column":2},"end":{"line":583,"column":46}},"415":{"start":{"line":585,"column":2},"end":{"line":585,"column":40}},"416":{"start":{"line":587,"column":2},"end":{"line":587,"column":27}},"417":{"start":{"line":590,"column":0},"end":{"line":590,"column":27}},"418":{"start":{"line":592,"column":0},"end":{"line":602,"column":3}},"419":{"start":{"line":593,"column":2},"end":{"line":593,"column":72}},"420":{"start":{"line":594,"column":2},"end":{"line":594,"column":41}},"421":{"start":{"line":594,"column":18},"end":{"line":594,"column":41}},"422":{"start":{"line":595,"column":2},"end":{"line":595,"column":84}},"423":{"start":{"line":597,"column":2},"end":{"line":597,"column":44}},"424":{"start":{"line":599,"column":2},"end":{"line":599,"column":38}},"425":{"start":{"line":601,"column":2},"end":{"line":601,"column":25}},"426":{"start":{"line":604,"column":0},"end":{"line":604,"column":23}},"427":{"start":{"line":606,"column":0},"end":{"line":614,"column":3}},"428":{"start":{"line":607,"column":2},"end":{"line":607,"column":28}},"429":{"start":{"line":609,"column":2},"end":{"line":609,"column":38}},"430":{"start":{"line":611,"column":2},"end":{"line":611,"column":110}},"431":{"start":{"line":613,"column":2},"end":{"line":613,"column":28}},"432":{"start":{"line":616,"column":0},"end":{"line":616,"column":21}},"433":{"start":{"line":618,"column":0},"end":{"line":627,"column":1}},"434":{"start":{"line":619,"column":2},"end":{"line":626,"column":5}},"435":{"start":{"line":620,"column":4},"end":{"line":620,"column":63}},"436":{"start":{"line":621,"column":4},"end":{"line":621,"column":30}},"437":{"start":{"line":623,"column":4},"end":{"line":623,"column":44}},"438":{"start":{"line":625,"column":4},"end":{"line":625,"column":113}},"439":{"start":{"line":629,"column":0},"end":{"line":629,"column":24}},"440":{"start":{"line":630,"column":0},"end":{"line":630,"column":24}},"441":{"start":{"line":631,"column":0},"end":{"line":631,"column":25}},"442":{"start":{"line":632,"column":0},"end":{"line":632,"column":27}},"443":{"start":{"line":633,"column":0},"end":{"line":633,"column":26}},"444":{"start":{"line":634,"column":0},"end":{"line":634,"column":24}},"445":{"start":{"line":635,"column":0},"end":{"line":635,"column":26}},"446":{"start":{"line":637,"column":0},"end":{"line":637,"column":27}},"447":{"start":{"line":638,"column":0},"end":{"line":638,"column":27}},"448":{"start":{"line":639,"column":0},"end":{"line":639,"column":29}},"449":{"start":{"line":640,"column":0},"end":{"line":640,"column":33}},"450":{"start":{"line":641,"column":0},"end":{"line":641,"column":31}},"451":{"start":{"line":642,"column":0},"end":{"line":642,"column":27}},"452":{"start":{"line":643,"column":0},"end":{"line":643,"column":31}},"453":{"start":{"line":645,"column":0},"end":{"line":654,"column":3}},"454":{"start":{"line":646,"column":2},"end":{"line":646,"column":18}},"455":{"start":{"line":647,"column":2},"end":{"line":647,"column":28}},"456":{"start":{"line":649,"column":2},"end":{"line":649,"column":40}},"457":{"start":{"line":651,"column":2},"end":{"line":651,"column":92}},"458":{"start":{"line":653,"column":2},"end":{"line":653,"column":25}},"459":{"start":{"line":656,"column":0},"end":{"line":656,"column":25}},"460":{"start":{"line":658,"column":0},"end":{"line":667,"column":3}},"461":{"start":{"line":659,"column":2},"end":{"line":659,"column":22}},"462":{"start":{"line":660,"column":2},"end":{"line":660,"column":28}},"463":{"start":{"line":662,"column":2},"end":{"line":662,"column":46}},"464":{"start":{"line":664,"column":2},"end":{"line":664,"column":49}},"465":{"start":{"line":666,"column":2},"end":{"line":666,"column":28}},"466":{"start":{"line":670,"column":0},"end":{"line":678,"column":2}},"467":{"start":{"line":671,"column":2},"end":{"line":677,"column":5}},"468":{"start":{"line":672,"column":4},"end":{"line":672,"column":61}},"469":{"start":{"line":673,"column":4},"end":{"line":673,"column":24}},"470":{"start":{"line":674,"column":4},"end":{"line":674,"column":30}},"471":{"start":{"line":676,"column":4},"end":{"line":676,"column":52}},"472":{"start":{"line":680,"column":0},"end":{"line":680,"column":23}},"473":{"start":{"line":682,"column":0},"end":{"line":690,"column":3}},"474":{"start":{"line":683,"column":2},"end":{"line":683,"column":27}},"475":{"start":{"line":685,"column":2},"end":{"line":685,"column":46}},"476":{"start":{"line":687,"column":2},"end":{"line":687,"column":40}},"477":{"start":{"line":689,"column":2},"end":{"line":689,"column":30}},"478":{"start":{"line":692,"column":0},"end":{"line":692,"column":33}},"479":{"start":{"line":694,"column":0},"end":{"line":702,"column":3}},"480":{"start":{"line":695,"column":2},"end":{"line":695,"column":30}},"481":{"start":{"line":697,"column":2},"end":{"line":697,"column":44}},"482":{"start":{"line":699,"column":2},"end":{"line":699,"column":38}},"483":{"start":{"line":701,"column":2},"end":{"line":701,"column":28}},"484":{"start":{"line":704,"column":0},"end":{"line":704,"column":29}},"485":{"start":{"line":706,"column":0},"end":{"line":714,"column":3}},"486":{"start":{"line":707,"column":2},"end":{"line":707,"column":31}},"487":{"start":{"line":709,"column":2},"end":{"line":709,"column":44}},"488":{"start":{"line":711,"column":2},"end":{"line":711,"column":37}},"489":{"start":{"line":713,"column":2},"end":{"line":713,"column":31}},"490":{"start":{"line":716,"column":0},"end":{"line":716,"column":27}},"491":{"start":{"line":718,"column":0},"end":{"line":727,"column":1}},"492":{"start":{"line":719,"column":2},"end":{"line":726,"column":5}},"493":{"start":{"line":720,"column":4},"end":{"line":720,"column":72}},"494":{"start":{"line":721,"column":4},"end":{"line":721,"column":33}},"495":{"start":{"line":723,"column":4},"end":{"line":723,"column":50}},"496":{"start":{"line":725,"column":4},"end":{"line":725,"column":40}},"497":{"start":{"line":729,"column":0},"end":{"line":729,"column":30}},"498":{"start":{"line":730,"column":0},"end":{"line":730,"column":30}},"499":{"start":{"line":731,"column":0},"end":{"line":731,"column":31}},"500":{"start":{"line":732,"column":0},"end":{"line":732,"column":33}},"501":{"start":{"line":733,"column":0},"end":{"line":733,"column":32}},"502":{"start":{"line":734,"column":0},"end":{"line":734,"column":30}},"503":{"start":{"line":735,"column":0},"end":{"line":735,"column":32}},"504":{"start":{"line":737,"column":0},"end":{"line":737,"column":33}},"505":{"start":{"line":738,"column":0},"end":{"line":738,"column":33}},"506":{"start":{"line":739,"column":0},"end":{"line":739,"column":35}},"507":{"start":{"line":740,"column":0},"end":{"line":740,"column":39}},"508":{"start":{"line":741,"column":0},"end":{"line":741,"column":37}},"509":{"start":{"line":742,"column":0},"end":{"line":742,"column":33}},"510":{"start":{"line":743,"column":0},"end":{"line":743,"column":37}},"511":{"start":{"line":745,"column":0},"end":{"line":754,"column":3}},"512":{"start":{"line":746,"column":2},"end":{"line":746,"column":21}},"513":{"start":{"line":747,"column":2},"end":{"line":747,"column":31}},"514":{"start":{"line":749,"column":2},"end":{"line":749,"column":46}},"515":{"start":{"line":751,"column":2},"end":{"line":751,"column":104}},"516":{"start":{"line":753,"column":2},"end":{"line":753,"column":28}},"517":{"start":{"line":756,"column":0},"end":{"line":756,"column":31}},"518":{"start":{"line":758,"column":0},"end":{"line":767,"column":3}},"519":{"start":{"line":759,"column":2},"end":{"line":759,"column":25}},"520":{"start":{"line":760,"column":2},"end":{"line":760,"column":31}},"521":{"start":{"line":762,"column":2},"end":{"line":762,"column":52}},"522":{"start":{"line":764,"column":2},"end":{"line":764,"column":55}},"523":{"start":{"line":766,"column":2},"end":{"line":766,"column":31}},"524":{"start":{"line":770,"column":0},"end":{"line":778,"column":2}},"525":{"start":{"line":771,"column":2},"end":{"line":777,"column":5}},"526":{"start":{"line":772,"column":4},"end":{"line":772,"column":67}},"527":{"start":{"line":773,"column":4},"end":{"line":773,"column":27}},"528":{"start":{"line":774,"column":4},"end":{"line":774,"column":33}},"529":{"start":{"line":776,"column":4},"end":{"line":776,"column":58}},"530":{"start":{"line":780,"column":0},"end":{"line":780,"column":29}},"531":{"start":{"line":782,"column":0},"end":{"line":782,"column":35}},"532":{"start":{"line":783,"column":0},"end":{"line":783,"column":38}},"533":{"start":{"line":784,"column":0},"end":{"line":784,"column":40}},"534":{"start":{"line":785,"column":0},"end":{"line":785,"column":37}},"535":{"start":{"line":786,"column":0},"end":{"line":786,"column":39}},"536":{"start":{"line":787,"column":0},"end":{"line":787,"column":28}},"537":{"start":{"line":788,"column":0},"end":{"line":788,"column":30}},"538":{"start":{"line":789,"column":0},"end":{"line":789,"column":27}},"539":{"start":{"line":790,"column":0},"end":{"line":790,"column":29}},"540":{"start":{"line":791,"column":0},"end":{"line":791,"column":28}},"541":{"start":{"line":792,"column":0},"end":{"line":792,"column":30}},"542":{"start":{"line":793,"column":0},"end":{"line":793,"column":24}},"543":{"start":{"line":794,"column":0},"end":{"line":794,"column":26}},"544":{"start":{"line":795,"column":0},"end":{"line":795,"column":22}},"545":{"start":{"line":796,"column":0},"end":{"line":796,"column":24}},"546":{"start":{"line":797,"column":0},"end":{"line":797,"column":26}},"547":{"start":{"line":798,"column":0},"end":{"line":798,"column":28}},"548":{"start":{"line":799,"column":0},"end":{"line":799,"column":28}},"549":{"start":{"line":800,"column":0},"end":{"line":800,"column":30}},"550":{"start":{"line":801,"column":0},"end":{"line":801,"column":28}},"551":{"start":{"line":802,"column":0},"end":{"line":802,"column":30}},"552":{"start":{"line":803,"column":0},"end":{"line":803,"column":30}},"553":{"start":{"line":804,"column":0},"end":{"line":804,"column":32}},"554":{"start":{"line":805,"column":0},"end":{"line":805,"column":34}},"555":{"start":{"line":806,"column":0},"end":{"line":806,"column":36}},"556":{"start":{"line":807,"column":0},"end":{"line":807,"column":32}},"557":{"start":{"line":808,"column":0},"end":{"line":808,"column":34}},"558":{"start":{"line":809,"column":0},"end":{"line":809,"column":28}},"559":{"start":{"line":810,"column":0},"end":{"line":810,"column":30}},"560":{"start":{"line":811,"column":0},"end":{"line":811,"column":32}},"561":{"start":{"line":812,"column":0},"end":{"line":812,"column":34}},"562":{"start":{"line":813,"column":0},"end":{"line":813,"column":26}},"563":{"start":{"line":814,"column":0},"end":{"line":814,"column":28}},"564":{"start":{"line":815,"column":0},"end":{"line":815,"column":24}},"565":{"start":{"line":816,"column":0},"end":{"line":816,"column":26}},"566":{"start":{"line":817,"column":0},"end":{"line":817,"column":30}},"567":{"start":{"line":818,"column":0},"end":{"line":818,"column":32}},"568":{"start":{"line":819,"column":0},"end":{"line":819,"column":26}},"569":{"start":{"line":820,"column":0},"end":{"line":820,"column":28}},"570":{"start":{"line":821,"column":0},"end":{"line":821,"column":24}},"571":{"start":{"line":822,"column":0},"end":{"line":822,"column":26}},"572":{"start":{"line":823,"column":0},"end":{"line":823,"column":28}},"573":{"start":{"line":824,"column":0},"end":{"line":824,"column":30}},"574":{"start":{"line":825,"column":0},"end":{"line":825,"column":30}},"575":{"start":{"line":826,"column":0},"end":{"line":826,"column":32}},"576":{"start":{"line":827,"column":0},"end":{"line":827,"column":30}},"577":{"start":{"line":828,"column":0},"end":{"line":828,"column":32}},"578":{"start":{"line":829,"column":0},"end":{"line":829,"column":32}},"579":{"start":{"line":830,"column":0},"end":{"line":830,"column":34}},"580":{"start":{"line":831,"column":0},"end":{"line":831,"column":36}},"581":{"start":{"line":832,"column":0},"end":{"line":832,"column":38}},"582":{"start":{"line":833,"column":0},"end":{"line":833,"column":34}},"583":{"
[...]
81,"column":2},"end":{"line":381,"column":2}},{"start":{"line":381,"column":2},"end":{"line":381,"column":2}}]},"105":{"line":385,"type":"cond-expr","locations":[{"start":{"line":385,"column":24},"end":{"line":385,"column":36}},{"start":{"line":385,"column":39},"end":{"line":385,"column":41}}]},"106":{"line":385,"type":"cond-expr","locations":[{"start":{"line":385,"column":64},"end":{"line":385,"column":65}},{"start":{"line":385,"column":68},"end":{"line":385,"column":71}}]},"107":{"line":405,"type":"if","locations":[{"start":{"line":405,"column":2},"end":{"line":405,"column":2}},{"start":{"line":405,"column":2},"end":{"line":405,"column":2}}]},"108":{"line":406,"type":"if","locations":[{"start":{"line":406,"column":20},"end":{"line":406,"column":20}},{"start":{"line":406,"column":20},"end":{"line":406,"column":20}}]},"109":{"line":410,"type":"if","locations":[{"start":{"line":410,"column":20},"end":{"line":410,"column":20}},{"start":{"line":410,"column":20},"end":{"line":410,"column":20}}]},"110":{"line":417,"type":"if","locations":[{"start":{"line":417,"column":2},"end":{"line":417,"column":2}},{"start":{"line":417,"column":2},"end":{"line":417,"column":2}}]},"111":{"line":471,"type":"cond-expr","locations":[{"start":{"line":471,"column":65},"end":{"line":471,"column":81}},{"start":{"line":472,"column":2},"end":{"line":473,"column":42}}]},"112":{"line":471,"type":"binary-expr","locations":[{"start":{"line":471,"column":2},"end":{"line":471,"column":29}},{"start":{"line":471,"column":33},"end":{"line":471,"column":62}}]},"113":{"line":472,"type":"cond-expr","locations":[{"start":{"line":472,"column":47},"end":{"line":472,"column":75}},{"start":{"line":473,"column":3},"end":{"line":473,"column":41}}]},"114":{"line":472,"type":"binary-expr","locations":[{"start":{"line":472,"column":2},"end":{"line":472,"column":30}},{"start":{"line":472,"column":34},"end":{"line":472,"column":44}}]},"115":{"line":473,"type":"binary-expr","locations":[{"start":{"line":473,"column":24},"end":{"line":473,"column":33}},{"start":{"line":473,"column":37},"end":{"line":473,"column":39}}]},"116":{"line":494,"type":"cond-expr","locations":[{"start":{"line":494,"column":35},"end":{"line":494,"column":37}},{"start":{"line":494,"column":40},"end":{"line":494,"column":42}}]},"117":{"line":498,"type":"cond-expr","locations":[{"start":{"line":498,"column":58},"end":{"line":498,"column":59}},{"start":{"line":498,"column":62},"end":{"line":498,"column":78}}]},"118":{"line":504,"type":"cond-expr","locations":[{"start":{"line":504,"column":26},"end":{"line":504,"column":27}},{"start":{"line":504,"column":30},"end":{"line":504,"column":46}}]},"119":{"line":505,"type":"if","locations":[{"start":{"line":505,"column":4},"end":{"line":505,"column":4}},{"start":{"line":505,"column":4},"end":{"line":505,"column":4}}]},"120":{"line":505,"type":"binary-expr","locations":[{"start":{"line":505,"column":8},"end":{"line":505,"column":23}},{"start":{"line":505,"column":27},"end":{"line":505,"column":38}}]},"121":{"line":512,"type":"if","locations":[{"start":{"line":512,"column":6},"end":{"line":512,"column":6}},{"start":{"line":512,"column":6},"end":{"line":512,"column":6}}]},"122":{"line":514,"type":"if","locations":[{"start":{"line":514,"column":6},"end":{"line":514,"column":6}},{"start":{"line":514,"column":6},"end":{"line":514,"column":6}}]},"123":{"line":518,"type":"if","locations":[{"start":{"line":518,"column":2},"end":{"line":518,"column":2}},{"start":{"line":518,"column":2},"end":{"line":518,"column":2}}]},"124":{"line":527,"type":"cond-expr","locations":[{"start":{"line":527,"column":46},"end":{"line":527,"column":50}},{"start":{"line":528,"column":12},"end":{"line":531,"column":74}}]},"125":{"line":527,"type":"binary-expr","locations":[{"start":{"line":527,"column":13},"end":{"line":527,"column":28}},{"start":{"line":527,"column":32},"end":{"line":527,"column":43}}]},"126":{"line":528,"type":"cond-expr","locations":[{"start":{"line":528,"column":26},"end":{"line":528,"column":34}},{"start":{"line":529,"column":12},"end":{"line":531,"column":74}}]},"127":{"line":529,"type":"cond-expr","locations":[{"start":{"line":530,"column":16},"end":{"line":530,"column":61}},{"start":{"line":531,"column":16},"end":{"line":531,"column":73}}]},"128":{"line":549,"type":"if","locations":[{"start":{"line":549,"column":2},"end":{"line":549,"column":2}},{"start":{"line":549,"column":2},"end":{"line":549,"column":2}}]},"129":{"line":549,"type":"binary-expr","locations":[{"start":{"line":549,"column":6},"end":{"line":549,"column":18}},{"start":{"line":549,"column":22},"end":{"line":549,"column":30}}]},"130":{"line":550,"type":"if","locations":[{"start":{"line":550,"column":2},"end":{"line":550,"column":2}},{"start":{"line":550,"column":2},"end":{"line":550,"column":2}}]},"131":{"line":594,"type":"if","locations":[{"start":{"line":594,"column":2},"end":{"line":594,"column":2}},{"start":{"line":594,"column":2},"end":{"line":594,"column":2}}]},"132":{"line":671,"type":"cond-expr","locations":[{"start":{"line":671,"column":52},"end":{"line":671,"column":56}},{"start":{"line":671,"column":59},"end":{"line":677,"column":4}}]},"133":{"line":671,"type":"binary-expr","locations":[{"start":{"line":671,"column":9},"end":{"line":671,"column":37}},{"start":{"line":671,"column":41},"end":{"line":671,"column":49}}]},"134":{"line":771,"type":"cond-expr","locations":[{"start":{"line":771,"column":52},"end":{"line":771,"column":56}},{"start":{"line":771,"column":59},"end":{"line":777,"column":4}}]},"135":{"line":771,"type":"binary-expr","locations":[{"start":{"line":771,"column":9},"end":{"line":771,"column":37}},{"start":{"line":771,"column":41},"end":{"line":771,"column":49}}]},"136":{"line":850,"type":"binary-expr","locations":[{"start":{"line":850,"column":17},"end":{"line":850,"column":21}},{"start":{"line":850,"column":25},"end":{"line":850,"column":39}},{"start":{"line":850,"column":44},"end":{"line":854,"column":1}}]},"137":{"line":851,"type":"if","locations":[{"start":{"line":851,"column":21},"end":{"line":851,"column":21}},{"start":{"line":851,"column":21},"end":{"line":851,"column":21}}]},"138":{"line":853,"type":"cond-expr","locations":[{"start":{"line":853,"column":31},"end":{"line":853,"column":47}},{"start":{"line":853,"column":51},"end":{"line":853,"column":87}}]},"139":{"line":864,"type":"binary-expr","locations":[{"start":{"line":864,"column":15},"end":{"line":864,"column":41}},{"start":{"line":864,"column":45},"end":{"line":864,"column":49}}]},"140":{"line":900,"type":"cond-expr","locations":[{"start":{"line":900,"column":44},"end":{"line":900,"column":87}},{"start":{"line":900,"column":90},"end":{"line":900,"column":119}}]},"141":{"line":1004,"type":"binary-expr","locations":[{"start":{"line":1004,"column":17},"end":{"line":1004,"column":21}},{"start":{"line":1004,"column":25},"end":{"line":1004,"column":39}},{"start":{"line":1004,"column":44},"end":{"line":1008,"column":1}}]},"142":{"line":1005,"type":"if","locations":[{"start":{"line":1005,"column":21},"end":{"line":1005,"column":21}},{"start":{"line":1005,"column":21},"end":{"line":1005,"column":21}}]},"143":{"line":1007,"type":"cond-expr","locations":[{"start":{"line":1007,"column":31},"end":{"line":1007,"column":47}},{"start":{"line":1007,"column":51},"end":{"line":1007,"column":87}}]},"144":{"line":1009,"type":"cond-expr","locations":[{"start":{"line":1009,"column":42},"end":{"line":1009,"column":54}},{"start":{"line":1009,"column":57},"end":{"line":1009,"column":108}}]},"145":{"line":1009,"type":"cond-expr","locations":[{"start":{"line":1009,"column":89},"end":{"line":1009,"column":101}},{"start":{"line":1009,"column":104},"end":{"line":1009,"column":108}}]},"146":{"line":1014,"type":"binary-expr","locations":[{"start":{"line":1014,"column":20},"end":{"line":1014,"column":46}},{"start":{"line":1014,"column":50},"end":{"line":1014,"column":54}}]},"147":{"line":1064,"type":"cond-expr","locations":[{"start":{"line":1064,"column":45},"end":{"line":1064,"column":51}},{"start":{"line":1064,"column":54},"end":{"line":1064,"column":134}}]},"148":{"line":1064,"type":"cond-expr","locations":[{"start":{"line":1064,"column":84},"end":{"line":1064,"column":88}},{"start":{"line":1064,"column":91},"end":{"line":1064,"column":134}}]},"149":{"line":1064,"type":"cond-expr","locations":[{"start":{"line":1064,"column":123},"end":{"line":1064,"column":129}},{"start":{"line":1064,"column":132},"end":{"line":1064,"column":134}}]},"150":{"line":1069,"type":"binary-expr","locations":[{"start":{"line":1069,"column":17},"end":{"line":1069,"column":21}},{"start":{"line":1069,"column":25},"end":{"line":1069,"column":39}},{"start":{"line":1069,"column":44},"end":{"line":1073,"column":1}}]},"151":{"line":1070,"type":"if","locations":[{"start":{"line":1070,"column":21},"end":{"line":1070,"column":21}},{"start":{"line":1070,"column":21},"end":{"line":1070,"column":21}}]},"152":{"line":1072,"type":"cond-expr","locations":[{"start":{"line":1072,"column":31},"end":{"line":1072,"column":47}},{"start":{"line":1072,"column":51},"end":{"line":1072,"column":87}}]},"153":{"line":1074,"type":"cond-expr","locations":[{"start":{"line":1074,"column":42},"end":{"line":1074,"column":54}},{"start":{"line":1074,"column":57},"end":{"line":1074,"column":108}}]},"154":{"line":1074,"type":"cond-expr","locations":[{"start":{"line":1074,"column":89},"end":{"line":1074,"column":101}},{"start":{"line":1074,"column":104},"end":{"line":1074,"column":108}}]},"155":{"line":1087,"type":"binary-expr","locations":[{"start":{"line":1087,"column":20},"end":{"line":1087,"column":46}},{"start":{"line":1087,"column":50},"end":{"line":1087,"column":54}}]},"156":{"line":1147,"type":"cond-expr","locations":[{"start":{"line":1147,"column":45},"end":{"line":1147,"column":51}},{"start":{"line":1147,"column":54},"end":{"line":1147,"column":134}}]},"157":{"line":1147,"type":"cond-expr","locations":[{"start":{"line":1147,"column":84},"end":{"line":1147,"column":88}},{"start":{"line":1147,"column":91},"end":{"line":1147,"column":134}}]},"158":{"line":1147,"type":"cond-expr","locations":[{"start":{"line":1147,"column":123},"end":{"line":1147,"column":129}},{"start":{"line":1147,"column":132},"end":{"line":1147,"column":134}}]},"159":{"line":1152,"type":"binary-expr","locations":[{"start":{"line":1152,"column":17},"end":{"line":1152,"column":21}},{"start":{"line":1152,"column":25},"end":{"line":1152,"column":39}},{"start":{"line":1152,"column":44},"end":{"line":1156,"column":1}}]},"160":{"line":1153,"type":"if","locations":[{"start":{"line":1153,"column":21},"end":{"line":1153,"column":21}},{"start":{"line":1153,"column":21},"end":{"line":1153,"column":21}}]},"161":{"line":1155,"type":"cond-expr","locations":[{"start":{"line":1155,"column":31},"end":{"line":1155,"column":47}},{"start":{"line":1155,"column":51},"end":{"line":1155,"column":87}}]},"162":{"line":1157,"type":"cond-expr","locations":[{"start":{"line":1157,"column":42},"end":{"line":1157,"column":54}},{"start":{"line":1157,"column":57},"end":{"line":1157,"column":108}}]},"163":{"line":1157,"type":"cond-expr","locations":[{"start":{"line":1157,"column":89},"end":{"line":1157,"column":101}},{"start":{"line":1157,"column":104},"end":{"line":1157,"column":108}}]},"164":{"line":1171,"type":"binary-expr","locations":[{"start":{"line":1171,"column":20},"end":{"line":1171,"column":46}},{"start":{"line":1171,"column":50},"end":{"line":1171,"column":54}}]},"165":{"line":1192,"type":"if","locations":[{"start":{"line":1192,"column":8},"end":{"line":1192,"column":8}},{"start":{"line":1192,"column":8},"end":{"line":1192,"column":8}}]},"166":{"line":1260,"type":"cond-expr","locations":[{"start":{"line":1260,"column":45},"end":{"line":1260,"column":51}},{"start":{"line":1260,"column":54},"end":{"line":1260,"column":134}}]},"167":{"line":1260,"type":"cond-expr","locations":[{"start":{"line":1260,"column":84},"end":{"line":1260,"column":88}},{"start":{"line":1260,"column":91},"end":{"line":1260,"column":134}}]},"168":{"line":1260,"type":"cond-expr","locations":[{"start":{"line":1260,"column":123},"end":{"line":1260,"column":129}},{"start":{"line":1260,"column":132},"end":{"line":1260,"column":134}}]},"169":{"line":1264,"type":"binary-expr","locations":[{"start":{"line":1264,"column":17},"end":{"line":1264,"column":21}},{"start":{"line":1264,"column":25},"end":{"line":1264,"column":39}},{"start":{"line":1264,"column":44},"end":{"line":1268,"column":1}}]},"170":{"line":1265,"type":"if","locations":[{"start":{"line":1265,"column":21},"end":{"line":1265,"column":21}},{"start":{"line":1265,"column":21},"end":{"line":1265,"column":21}}]},"171":{"line":1267,"type":"cond-expr","locations":[{"start":{"line":1267,"column":31},"end":{"line":1267,"column":47}},{"start":{"line":1267,"column":51},"end":{"line":1267,"column":87}}]},"172":{"line":1276,"type":"binary-expr","locations":[{"start":{"line":1276,"column":20},"end":{"line":1276,"column":46}},{"start":{"line":1276,"column":50},"end":{"line":1276,"column":54}}]},"173":{"line":1278,"type":"if","locations":[{"start":{"line":1278,"column":12},"end":{"line":1278,"column":12}},{"start":{"line":1278,"column":12},"end":{"line":1278,"column":12}}]},"174":{"line":1392,"type":"if","locations":[{"start":{"line":1392,"column":4},"end":{"line":1392,"column":4}},{"start":{"line":1392,"column":4},"end":{"line":1392,"column":4}}]},"175":{"line":1395,"type":"if","locations":[{"start":{"line":1395,"column":4},"end":{"line":1395,"column":4}},{"start":{"line":1395,"column":4},"end":{"line":1395,"column":4}}]}},"l":{"1":19,"3":1,"4":1,"9":1,"10":0,"13":1,"14":1,"15":1,"17":0,"18":0,"19":0,"20":0,"21":0,"22":0,"24":0,"27":0,"28":0,"29":0,"30":0,"31":0,"32":0,"34":0,"39":1,"40":0,"41":0,"45":1,"46":1,"47":1,"49":1,"50":0,"53":1,"54":0,"57":1,"58":0,"66":0,"67":0,"68":0,"69":0,"70":0,"71":0,"77":0,"78":0,"79":0,"80":0,"81":0,"86":0,"89":1,"90":0,"91":0,"94":1,"95":0,"101":0,"102":0,"103":0,"104":0,"105":0,"110":0,"111":0,"112":0,"113":0,"117":0,"120":1,"122":1,"123":1,"125":1,"126":0,"127":0,"131":1,"132":0,"135":1,"136":0,"138":0,"142":0,"143":0,"146":0,"149":1,"150":1,"151":1,"153":1,"154":0,"155":0,"162":1,"163":0,"166":0,"167":0,"168":0,"169":0,"172":1,"173":0,"176":1,"177":0,"181":1,"182":0,"187":0,"188":0,"191":0,"197":0,"200":0,"201":0,"202":0,"204":0,"208":0,"209":0,"210":0,"211":0,"215":0,"216":0,"217":0,"218":0,"222":0,"225":0,"226":0,"229":0,"230":0,"233":0,"234":0,"237":0,"240":1,"241":0,"242":0,"243":0,"244":0,"245":0,"250":0,"253":1,"254":0,"255":0,"258":1,"259":0,"262":1,"263":0,"268":0,"269":0,"270":0,"274":0,"275":0,"278":0,"281":1,"282":0,"288":0,"289":0,"293":0,"296":0,"299":1,"300":0,"305":0,"306":0,"310":0,"313":0,"316":1,"317":0,"324":0,"325":0,"327":0,"328":0,"329":0,"330":0,"331":0,"335":0,"338":1,"339":0,"344":0,"345":0,"346":0,"350":0,"351":0,"354":0,"357":1,"358":0,"359":0,"360":0,"363":1,"364":0,"365":0,"366":0,"369":1,"370":0,"371":0,"377":0,"379":0,"381":0,"384":1,"385":0,"389":0,"390":0,"391":0,"392":0,"393":0,"396":0,"399":1,"400":0,"405":0,"406":0,"410":0,"413":0,"416":1,"417":0,"418":0,"419":0,"420":0,"423":0,"426":1,"427":0,"430":1,"431":0,"434":1,"435":1,"436":1,"437":1,"438":1,"439":1,"440":1,"441":1,"442":1,"443":1,"444":1,"445":1,"446":1,"447":1,"448":1,"449":1,"450":1,"451":1,"452":1,"453":1,"454":1,"455":1,"456":1,"457":1,"458":1,"459":1,"460":1,"461":1,"462":1,"464":1,"470":1,"471":1,"476":1,"477":1,"479":1,"481":1,"482":0,"485":26,"487":26,"488":0,"491":26,"492":0,"494":0,"497":26,"498":0,"501":26,"502":0,"503":0,"504":0,"505":0,"506":0,"507":0,"510":26,"511":0,"512":0,"514":0,"518":26,"519":26,"520":0,"521":0,"522":0,"525":26,"526":0,"527":0,"530":0,"531":0,"535":26,"538":1,"541":0,"543":0,"547":1,"548":0,"549":0,"550":0,"551":0,"552":0,"554":0,"556":0,"560":1,"562":1,"563":1,"564":1,"565":1,"566":1,"568":1,"569":0,"571":0,"573":0,"575":0,"578":1,"580":1,"581":0,"583":0,"585":0,"587":0,"590":1,"592":1,"593":0,"594":0,"595":0,"597":0,"599":0,"601":0,"604":1,"606":1,"607":0,"609":0,"611":0,"613":0,"616":1,"618":1,"619":7,"620":0,"621":0,"623":0,"625":0,"629":1,"630":1,"631":1,"632":1,"633":1,"634":1,"635":1,"637":1,"638":1,"639":1,"640":1,"641":1,"642":1,"643":1,"645":1,"646":0,"647":0,"649":0,"651":0,"653":0,"656":1,"658":1,"659":0,"660":0,"662":0,"664":0,"666":0,"670":1,"671":0,"672":0,"673":0,"674":0,"676":0,"680":1,"682":1,"683":0,"685":0,"687":0,"689":0,"692":1,"694":1,"695":0,"697":0,"699":0,"701":0,"704":1,"706":1,"707":0,"709":0,"711":0,"713":0,"716":1,"718":1,"719":7,"720":0,"721":0,"723":0,"725":0,"729":1,"730":1,"731":1,"732":1,"733":1,"734":1,"735":1,"737":1,"738":1,"739":1,"740":1,"741":1,"742":1,"743":1,"745":1,"746":0,"747":0,"749":0,"751":0,"753":0,"756":1,"758":1,"759":0,"760":0,"762":0,"764":0,"766":0,"770":1,"771":0,"772":0,"773":0,"774":0,"776":0,"780":1,"782":1,"783":1,"784":1,"785":1,"786":1,"787":1,"788":1,"789":1,"790":1,"791":1,"792":1,"793":1,"794":1,"795":1,"796":1,"797":1,"798":1,"799":1,"800":1,"801":1,"802":1,"803":1,"804":1,"805":1,"806":1,"807":1,"808":1,"809":1,"810":1,"811":1,"812":1,"813":1,"814":1,"815":1,"816":1,"817":1,"818":1,"819":1,"820":1,"821":1,"822":1,"823":1,"824":1,"825":1,"826":1,"827":1,"828":1,"829":1,"830":1,"831":1,"832":1,"833":1,"834":1,"835":1,"836":1,"837":1,"838":1,"839":1,"840":1,"841":1,"842":1,"844":1,"850":1,"851":1,"852":1,"853":1,"855":1,"861":1,"862":1,"863":1,"864":0,"870":1,"871":0,"878":1,"879":0,"884":1,"885":0,"886":0,"889":0,"891":0,"892":0,"896":0,"897":0,"898":0,"899":0,"900":0,"904":0,"909":1,"910":0,"911":0,"913":1,"915":1,"922":1,"923":1,"924":13834,"925":13834,"931":1,"932":0,"933":0,"939":1,"940":3076,"942":1,"947":512,"955":1,"956":0,"961":1,"962":0,"967":1,"968":0,"969":0,"976":1,"977":3073,"982":1,"983":256,"988":1,"989":3072,"994":1,"995":3072,"997":1,"999":1,"1002":1,"1004":1,"1005":1,"1006":1,"1007":1,"1009":1,"1010":1,"1011":1,"1012":1,"1013":1,"1014":0,"1015":0,"1016":0,"1018":1,"1020":0,"1025":1,"1027":0,"1032":1,"1033":0,"1034":0,"1035":0,"1036":0,"1037":0,"1042":0,"1043":0,"1044":0,"1045":0,"1046":0,"1047":0,"1051":0,"1054":0,"1058":0,"1060":1,"1062":1,"1067":1,"1069":1,"1070":1,"1071":1,"1072":1,"1074":1,"1075":1,"1076":1,"1084":1,"1085":1,"1086":1,"1087":0,"1088":0,"1089":0,"1090":0,"1091":0,"1092":0,"1094":1,"1096":0,"1097":0,"1098":0,"1099":0,"1100":0,"1101":0,"1102":0,"1103":0,"1108":1,"1109":0,"1110":0,"1113":0,"1116":0,"1117":0,"1118":0,"1119":0,"1120":0,"1121":0,"1123":0,"1124":0,"1125":0,"1126":0,"1127":0,"1129":0,"1136":0,"1138":1,"1139":0,"1140":0,"1141":0,"1143":1,"1145":1,"1150":1,"1152":1,"1153":1,"1154":1,"1155":1,"1157":1,"1158":1,"1159":1,"1168":1,"1169":1,"1170":1,"1171":0,"1176":0,"1177":0,"1178":0,"1184":1,"1185":0,"1191":1,"1192":0,"1193":0,"1196":0,"1202":1,"1203":0,"1208":1,"1209":0,"1214":1,"1215":0,"1216":0,"1217":0,"1219":0,"1220":0,"1221":0,"1224":0,"1231":0,"1236":1,"1237":0,"1238":0,"1239":0,"1240":0,"1241":0,"1243":0,"1244":0,"1245":0,"1248":0,"1249":0,"1250":0,"1252":0,"1254":0,"1256":1,"1258":1,"1264":1,"1265":1,"1266":1,"1267":1,"1270":1,"1271":1,"1272":1,"1273":1,"1274":1,"1275":1,"1276":0,"1277":0,"1278":0,"1279":0,"1282":0,"1285":0,"1286":0,"1288":0,"1290":1,"1292":0,"1295":0,"1296":0,"1297":0,"1302":1,"1304":0,"1305":0,"1306":0,"1311":1,"1312":0,"1314":1,"1315":0,"1316":0,"1317":0,"1319":1,"1321":1,"1325":1,"1326":1,"1327":0,"1328":0,"1330":1,"1332":1,"1333":1,"1334":1,"1335":0,"1336":0,"1338":1,"1339":0,"1343":1,"1344":0,"1348":1,"1349":0,"1351":1,"1353":1,"1354":1,"1355":1,"1356":0,"1357":0,"1358":0,"1360":1,"1361":0,"1363":1,"1365":1,"1381":1,"1390":1,"1391":1533,"1392":1533,"1393":768,"1395":765,"1396":0,"1398":765,"1399":765,"1400":765,"1401":3072,"1403":765,"1404":765,"1405":3072,"1407":765,"1408":765,"1409":765,"1410":765,"1411":3072,"1412":3072,"1413":3072,"1414":3072,"1416":765,"1418":1,"1425":1,"1426":256,"1427":256,"1429":1,"1433":1,"1434":1,"1435":1,"1436":1,"1437":1,"1438":1,"1439":1,"1440":1,"1441":1,"1442":1,"1443":1,"1444":1,"1445":1,"1446":1,"1447":1}}}
