{
"/home/daisycutter/github/nlesc-sherlock/spiraljs/dist/spiral.js":{"path":"/home/daisycutter/github/nlesc-sherlock/spiraljs/dist/spiral.js","s":{"1":1,"2":1,"3":0,"4":1,"5":0,"6":1,"7":1,"8":1,"9":0,"10":0,"11":0,"12":0,"13":0,"14":1,"15":1,"16":1,"17":1,"18":13,"19":7,"20":0,"21":0,"22":0,"23":0,"24":0,"25":0,"26":0,"27":7,"28":7,"29":11,"30":11,"31":13,"32":1,"33":1,"34":1,"35":1,"36":1,"37":1,"38":1,"39":1,"40":1,"41":1,"42":1,"43":1,"44":1,"45":1,"46":1,"47":0,"48":1,"49":0,"50":0,"51":0,"52":0,"53":0,"54":0,"55":0,"56":0,"57":0,"58":0,"59":0,"60":0,"61":1,"62":0,"63":0,"64":1,"65":1,"66":1,"67":1,"68":1,"69":0,"70":0,"71":1,"72":1,"73":1,"74":1,"75":1,"76":1,"77":1,"78":1,"79":0,"80":0,"81":1,"82":0,"83":1,"84":0,"85":1,"86":0,"87":0,"88":0,"89":0,"90":0,"91":0,"92":0,"93":0,"94":0,"95":0,"96":0,"97":0,"98":0,"99":0,"100":0,"101":0,"102":1,"103":1,"104":1,"105":1,"106":1,"107":1,"108":1,"109":1,"110":1,"111":1,"112":1,"113":1,"114":1,"115":1,"116":1,"117":0,"118":0,"119":0,"120":0,"121":1,"122":0,"123":0,"124":0,"125":0,"126":0,"127":0,"128":1,"129":0,"130":0,"131":0,"132":0,"133":0,"134":0,"135":0,"136":0,"137":0,"138":0,"139":0,"140":0,"141":0,"142":0,"143":0,"144":0,"145":0,"146":1,"147":0,"148":0,"149":0,"150":1,"151":1,"152":1,"153":1,"154":1,"155":0,"156":0,"157":1,"158":1,"159":1,"160":1,"161":1,"162":1,"163":1,"164":1,"165":1,"166":0,"167":0,"168":0,"169":1,"170":0,"171":1,"172":0,"173":0,"174":0,"175":1,"176":0,"177":1,"178":0,"179":1,"180":0,"181":0,"182":0,"183":0,"184":0,"185":0,"186":0,"187":0,"188":0,"189":1,"190":0,"191":0,"192":0,"193":0,"194":0,"195":0,"196":0,"197":0,"198":0,"199":0,"200":0,"201":0,"202":0,"203":0,"204":0,"205":0,"206":0,"207":1,"208":1,"209":1,"210":1,"211":1,"212":1,"213":1,"214":1,"215":1,"216":1,"217":1,"218":1,"219":1,"220":1,"221":1,"222":0,"223":0,"224":0,"225":0,"226":0,"227":0,"228":0,"229":0,"230":1,"231":0,"232":0,"233":0,"234":0,"235":1,"236":0,"237":0,"238":0,"239":1,"240":0,"241":1,"242":0,"243":0,"244":0,"245":0,"246":0,"247":1,"248":1,"249":1,"250":1,"251":0,"252":0,"253":1,"254":1,"255":1,"256":1,"257":0,"258":0,"259":1,"260":0,"261":1,"262":0,"263":1,"264":0,"265":1,"266":1,"267":1,"268":1,"269":0,"270":0,"271":0,"272":1,"273":0,"274":1,"275":1,"276":1,"277":1,"278":1,"279":1,"280":1,"281":1,"282":1,"283":1,"284":1,"285":1},"b":{"1":[0,1],"2":[1,0],"3":[0,1],"4":[1,0],"5":[1,0],"6":[0,0],"7":[0,0],"8":[7,6],"9":[0,7],"10":[0,0],"11":[0,0],"12":[0,0],"13":[0,0],"14":[11,0],"15":[1,0],"16":[1,1,1],"17":[1,0],"18":[0,1],"19":[0,0],"20":[1,1,1],"21":[0,0],"22":[0,1],"23":[1,0],"24":[0,0],"25":[0,1],"26":[1,0],"27":[0,0],"28":[1,1,1],"29":[1,0],"30":[0,1],"31":[1,0],"32":[0,0],"33":[0,1],"34":[1,0],"35":[0,0],"36":[1,1,1],"37":[0,0],"38":[0,1],"39":[1,0],"40":[0,0],"41":[0,0],"42":[0,1],"43":[1,0],"44":[0,0],"45":[1,1,1],"46":[1,0],"47":[0,1],"48":[1,0],"49":[0,0],"50":[0,0],"51":[0,1],"52":[1,0],"53":[0,0]},"f":{"1":1,"2":1,"3":1,"4":13,"5":11,"6":1,"7":1,"8":1,"9":1,"10":0,"11":0,"12":0,"13":0,"14":0,"15":0,"16":0,"17":0,"18":1,"19":1,"20":1,"21":1,"22":1,"23":0,"24":0,"25":0,"26":0,"27":0,"28":0,"29":0,"30":0,"31":1,"32":1,"33":1,"34":1,"35":1,"36":0,"37":0,"38":0,"39":0,"40":0,"41":0,"42":0,"43":0,"44":0,"45":0,"46":0,"47":1,"48":1,"49":1,"50":1,"51":1,"52":0,"53":0,"54":0,"55":0,"56":0,"57":0,"58":0,"59":0,"60":0,"61":0,"62":0,"63":0,"64":0,"65":0,"66":0,"67":0,"68":0,"69":0,"70":0,"71":1,"72":1,"73":1,"74":1,"75":1,"76":0,"77":0,"78":0,"79":0,"80":0,"81":0,"82":0,"83":0,"84":0,"85":0,"86":1,"87":1,"88":0,"89":1,"90":0,"91":0,"92":0,"93":0,"94":1,"95":0,"96":0,"97":1},"fnMap":{"1":{"name":"(anonymous_1)","line":1,"loc":{"start":{"line":1,"column":1},"end":{"line":1,"column":12}}},"2":{"name":"(anonymous_2)","line":1,"loc":{"start":{"line":1,"column":322},"end":{"line":1,"column":332}}},"3":{"name":"e","line":1,"loc":{"start":{"line":1,"column":367},"end":{"line":1,"column":384}}},"4":{"name":"s","line":1,"loc":{"start":{"line":1,"column":385},"end":{"line":1,"column":400}}},"5":{"name":"(anonymous_5)","line":1,"loc":{"start":{"line":1,"column":634},"end":{"line":1,"column":645}}},"6":{"name":"(anonymous_6)","line":1,"loc":{"start":{"line":1,"column":813},"end":{"line":1,"column":845}}},"7":{"name":"(anonymous_7)","line":3,"loc":{"start":{"line":3,"column":44},"end":{"line":3,"column":60}}},"8":{"name":"__","line":5,"loc":{"start":{"line":5,"column":4},"end":{"line":5,"column":18}}},"9":{"name":"(anonymous_9)","line":14,"loc":{"start":{"line":14,"column":20},"end":{"line":14,"column":38}}},"10":{"name":"BubbleSpiral","line":16,"loc":{"start":{"line":16,"column":4},"end":{"line":16,"column":35}}},"11":{"name":"(anonymous_11)","line":19,"loc":{"start":{"line":19,"column":36},"end":{"line":19,"column":52}}},"12":{"name":"(anonymous_12)","line":32,"loc":{"start":{"line":32,"column":24},"end":{"line":32,"column":37}}},"13":{"name":"(anonymous_13)","line":33,"loc":{"start":{"line":33,"column":24},"end":{"line":33,"column":37}}},"14":{"name":"(anonymous_14)","line":34,"loc":{"start":{"line":34,"column":23},"end":{"line":34,"column":36}}},"15":{"name":"(anonymous_15)","line":35,"loc":{"start":{"line":35,"column":44},"end":{"line":35,"column":57}}},"16":{"name":"(anonymous_16)","line":35,"loc":{"start":{"line":35,"column":90},"end":{"line":35,"column":102}}},"17":{"name":"(anonymous_17)","line":41,"loc":{"start":{"line":41,"column":36},"end":{"line":41,"column":52}}},"18":{"name":"(anonymous_18)","line":49,"loc":{"start":{"line":49,"column":25},"end":{"line":49,"column":57}}},"19":{"name":"(anonymous_19)","line":50,"loc":{"start":{"line":50,"column":1},"end":{"line":50,"column":18}}},"20":{"name":"(anonymous_20)","line":52,"loc":{"start":{"line":52,"column":44},"end":{"line":52,"column":60}}},"21":{"name":"__","line":54,"loc":{"start":{"line":54,"column":4},"end":{"line":54,"column":18}}},"22":{"name":"(anonymous_22)","line":59,"loc":{"start":{"line":59,"column":17},"end":{"line":59,"column":35}}},"23":{"name":"LineChart","line":61,"loc":{"start":{"line":61,"column":4},"end":{"line":61,"column":32}}},"24":{"name":"(anonymous_24)","line":66,"loc":{"start":{"line":66,"column":13},"end":{"line":66,"column":25}}},"25":{"name":"(anonymous_25)","line":73,"loc":{"start":{"line":73,"column":13},"end":{"line":73,"column":25}}},"26":{"name":"(anonymous_26)","line":79,"loc":{"start":{"line":79,"column":33},"end":{"line":79,"column":49}}},"27":{"name":"(anonymous_27)","line":89,"loc":{"start":{"line":89,"column":33},"end":{"line":89,"column":46}}},"28":{"name":"(anonymous_28)","line":90,"loc":{"start":{"line":90,"column":33},"end":{"line":90,"column":46}}},"29":{"name":"(anonymous_29)","line":92,"loc":{"start":{"line":92,"column":15},"end":{"line":92,"column":28}}},"30":{"name":"(anonymous_30)","line":93,"loc":{"start":{"line":93,"column":15},"end":{"line":93,"column":28}}},"31":{"name":"(anonymous_31)","line":113,"loc":{"start":{"line":113,"column":24},"end":{"line":113,"column":56}}},"32":{"name":"(anonymous_32)","line":114,"loc":{"start":{"line":114,"column":1},"end":{"line":114,"column":18}}},"33":{"name":"(anonymous_33)","line":116,"loc":{"start":{"line":116,"column":44},"end":{"line":116,"column":60}}},"34":{"name":"__","line":118,"loc":{"start":{"line":118,"column":4},"end":{"line":118,"column":18}}},"35":{"name":"(anonymous_35)","line":130,"loc":{"start":{"line":130,"column":18},"end":{"line":130,"column":36}}},"36":{"name":"LineSpiral","line":132,"loc":{"start":{"line":132,"column":4},"end":{"line":132,"column":33}}},"37":{"name":"(anonymous_37)","line":140,"loc":{"start":{"line":140,"column":13},"end":{"line":140,"column":29}}},"38":{"name":"(anonymous_38)","line":145,"loc":{"start":{"line":145,"column":57},"end":{"line":145,"column":70}}},"39":{"name":"(anonymous_39)","line":146,"loc":{"start":{"line":146,"column":57},"end":{"line":146,"column":70}}},"40":{"name":"(anonymous_40)","line":151,"loc":{"start":{"line":151,"column":34},"end":{"line":151,"column":46}}},"41":{"name":"(anonymous_41)","line":159,"loc":{"start":{"line":159,"column":53},"end":{"line":159,"column":66}}},"42":{"name":"(anonymous_42)","line":161,"loc":{"start":{"line":161,"column":15},"end":{"line":161,"column":28}}},"43":{"name":"(anonymous_43)","line":162,"loc":{"start":{"line":162,"column":15},"end":{"line":162,"column":28}}},"44":{"name":"(anonymous_44)","line":168,"loc":{"start":{"line":168,"column":37},"end":{"line":168,"column":50}}},"45":{"name":"(anonymous_45)","line":169,"loc":{"start":{"line":169,"column":40},"end":{"line":169,"column":53}}},"46":{"name":"(anonymous_46)","line":180,"loc":{"start":{"line":180,"column":34},"end":{"line":180,"column":50}}},"47":{"name":"(anonymous_47)","line":191,"loc":{"start":{"line":191,"column":25},"end":{"line":191,"column":57}}},"48":{"name":"(anonymous_48)","line":192,"loc":{"start":{"line":192,"column":1},"end":{"line":192,"column":18}}},"49":{"name":"(anonymous_49)","line":194,"loc":{"start":{"line":194,"column":44},"end":{"line":194,"column":60}}},"50":{"name":"__","line":196,"loc":{"start":{"line":196,"column":4},"end":{"line":196,"column":18}}},"51":{"name":"(anonymous_51)","line":216,"loc":{"start":{"line":216,"column":18},"end":{"line":216,"column":36}}},"52":{"name":"SpiralBase","line":218,"loc":{"start":{"line":218,"column":4},"end":{"line":218,"column":33}}},"53":{"name":"(anonymous_53)","line":223,"loc":{"start":{"line":223,"column":39},"end":{"line":223,"column":52}}},"54":{"name":"(anonymous_54)","line":227,"loc":{"start":{"line":227,"column":24},"end":{"line":227,"column":40}}},"55":{"name":"(anonymous_55)","line":235,"loc":{"start":{"line":235,"column":37},"end":{"line":235,"column":50}}},"56":{"name":"(anonymous_56)","line":238,"loc":{"start":{"line":238,"column":37},"end":{"line":238,"column":50}}},"57":{"name":"(anonymous_57)","line":241,"loc":{"start":{"line":241,"column":46},"end":{"line":241,"column":62}}},"58":{"name":"(anonymous_58)","line":243,"loc":{"start":{"line":243,"column":37},"end":{"line":243,"column":50}}},"59":{"name":"(anonymous_59)","line":248,"loc":{"start":{"line":248,"column":15},"end":{"line":248,"column":28}}},"60":{"name":"(anonymous_60)","line":249,"loc":{"start":{"line":249,"column":15},"end":{"line":249,"column":28}}},"61":{"name":"(anonymous_61)","line":260,"loc":{"start":{"line":260,"column":36},"end":{"line":260,"column":71}}},"62":{"name":"(anonymous_62)","line":262,"loc":{"start":{"line":262,"column":20},"end":{"line":262,"column":33}}},"63":{"name":"(anonymous_63)","line":263,"loc":{"start":{"line":263,"column":18},"end":{"line":263,"column":31}}},"64":{"name":"(anonymous_64)","line":268,"loc":{"start":{"line":268,"column":24},"end":{"line":268,"column":37}}},"65":{"name":"(anonymous_65)","line":268,"loc":{"start":{"line":268,"column":72},"end":{"line":268,"column":85}}},"66":{"name":"(anonymous_66)","line":269,"loc":{"start":{"line":269,"column":24},"end":{"line":269,"column":37}}},"67":{"name":"(anonymous_67)","line":269,"loc":{"start":{"line":269,"column":70},"end":{"line":269,"column":83}}},"68":{"name":"(anonymous_68)","line":273,"loc":{"start":{"line":273,"column":23},"end":{"line":273,"column":36}}},"69":{"name":"(anonymous_69)","line":274,"loc":{"start":{"line":274,"column":23},"end":{"line":274,"column":36}}},"70":{"name":"(anonymous_70)","line":276,"loc":{"start":{"line":276,"column":18},"end":{"line":276,"column":34}}},"71":{"name":"(anonymous_71)","line":286,"loc":{"start":{"line":286,"column":24},"end":{"line":286,"column":56}}},"72":{"name":"(anonymous_72)","line":287,"loc":{"start":{"line":287,"column":1},"end":{"line":287,"column":18}}},"73":{"name":"(anonymous_73)","line":289,"loc":{"start":{"line":289,"column":44},"end":{"line":289,"column":60}}},"74":{"name":"__","line":291,"loc":{"start":{"line":291,"column":4},"end":{"line":291,"column":18}}},"75":{"name":"(anonymous_75)","line":296,"loc":{"start":{"line":296,"column":25},"end":{"line":296,"column":43}}},"76":{"name":"TimedBubbleSpiral","line":298,"loc":{"start":{"line":298,"column":4},"end":{"line":298,"column":40}}},"77":{"name":"(anonymous_77)","line":301,"loc":{"start":{"line":301,"column":25},"end":{"line":301,"column":38}}},"78":{"name":"(anonymous_78)","line":309,"loc":{"start":{"line":309,"column":26},"end":{"line":309,"column":39}}},"79":{"name":"(anonymous_79)","line":314,"loc":{"start":{"line":314,"column":13},"end":{"line":314,"column":25}}},"80":{"name":"(anonymous_80)","line":317,"loc":{"start":{"line":317,"column":13},"end":{"line":317,"column":26}}},"81":{"name":"(anonymous_81)","line":326,"loc":{"start":{"line":326,"column":13},"end":{"line":326,"column":26}}},"82":{"name":"(anonymous_82)","line":334,"loc":{"start":{"line":334,"column":44},"end":{"line":334,"column":57}}},"83":{"name":"(anonymous_83)","line":337,"loc":{"start":{"line":337,"column":41},"end":{"line":337,"column":53}}},"84":{"name":"(anonymous_84)","line":339,"loc":{"start":{"line":339,"column":45},"end":{"line":339,"column":58}}},"85":{"name":"(anonymous_85)","line":339,"loc":{"start":{"line":339,"column":119},"end":{"line":339,"column":132}}},"86":{"name":"(anonymous_86)","line":348,"loc":{"start":{"line":348,"column":25},"end":{"line":348,"column":57}}},"87":{"name":"(anonymous_87)","line":350,"loc":{"start":{"line":350,"column":17},"end":{"line":350,"column":29}}},"88":{"name":"Cartesian","line":351,"loc":{"start":{"line":351,"column":4},"end":{"line":351,"column":29}}},"89":{"name":"(anonymous_89)","line":358,"loc":{"start":{"line":358,"column":13},"end":{"line":358,"column":25}}},"90":{"name":"Polar","line":359,"loc":{"start":{"line":359,"column":4},"end":{"line":359,"column":27}}},"91":{"name":"(anonymous_91)","line":364,"loc":{"start":{"line":364,"column":13},"end":{"line":364,"column":25}}},"92":{"name":"(anonymous_92)","line":369,"loc":{"start":{"line":369,"column":13},"end":{"line":369,"column":25}}},"93":{"name":"(anonymous_93)","line":373,"loc":{"start":{"line":373,"column":28},"end":{"line":373,"column":42}}},"94":{"name":"(anonymous_94)","line":379,"loc":{"start":{"line":379,"column":12},"end":{"line":379,"column":24}}},"95":{"name":"Base","line":380,"loc":{"start":{"line":380,"column":4},"end":{"line":380,"column":27}}},"96":{"name":"(anonymous_96)","line":385,"loc":{"start":{"line":385,"column":28},"end":{"line":385,"column":41}}},"97":{"name":"(anonymous_97)","line":392,"loc":{"start":{"line":392,"column":9},"end":{"line":392,"column":41}}}},"statementMap":{"1":{"start":{"line":1,"column":0},"end":{"line":406,"column":3}},"2":{"start":{"line":1,"column":13},"end":{"line":1,"column":319}},"3":{"start":{"line":1,"column":72},"end":{"line":1,"column":90}},"4":{"start":{"line":1,"column":96},"end":{"line":1,"column":319}},"5":{"start":{"line":1,"column":139},"end":{"line":1,"column":151}},"6":{"start":{"line":1,"column":157},"end":{"line":1,"column":163}},"7":{"start":{"line":1,"column":163},"end":{"line":1,"column":304}},"8":{"start":{"line":1,"column":195},"end":{"line":1,"column":203}},"9":{"start":{"line":1,"column":209},"end":{"line":1,"column":304}},"10":{"start":{"line":1,"column":241},"end":{"line":1,"column":249}},"11":{"start":{"line":1,"column":255},"end":{"line":1,"column":304}},"12":{"start":{"line":1,"column":285},"end":{"line":1,"column":291}},"13":{"start":{"line":1,"column":297},"end":{"line":1,"column":303}},"14":{"start":{"line":1,"column":304},"end":{"line":1,"column":318}},"15":{"start":{"line":1,"column":333},"end":{"line":1,"column":359}},"16":{"start":{"line":1,"column":359},"end":{"line":405,"column":109}},"17":{"start":{"line":1,"column":385},"end":{"line":1,"column":721}},"18":{"start":{"line":1,"column":401},"end":{"line":1,"column":701}},"19":{"start":{"line":1,"column":411},"end":{"line":1,"column":587}},"20":{"start":{"line":1,"column":421},"end":{"line":1,"column":463}},"21":{"start":{"line":1,"column":463},"end":{"line":1,"column":487}},"22":{"start":{"line":1,"column":472},"end":{"line":1,"column":487}},"23":{"start":{"line":1,"column":487},"end":{"line":1,"column":507}},"24":{"start":{"line":1,"column":492},"end":{"line":1,"column":507}},"25":{"start":{"line":1,"column":507},"end":{"line":1,"column":553}},"26":{"start":{"line":1,"column":553},"end":{"line":1,"column":586}},"27":{"start":{"line":1,"column":587},"end":{"line":1,"column":611}},"28":{"start":{"line":1,"column":611},"end":{"line":1,"column":700}},"29":{"start":{"line":1,"column":646},"end":{"line":1,"column":663}},"30":{"start":{"line":1,"column":663},"end":{"line":1,"column":678}},"31":{"start":{"line":1,"column":701},"end":{"line":1,"column":720}},"32":{"start":{"line":1,"column":721},"end":{"line":1,"column":763}},"33":{"start":{"line":1,"column":763},"end":{"line":1,"column":798}},"34":{"start":{"line":1,"column":790},"end":{"line":1,"column":798}},"35":{"start":{"line":1,"column":798},"end":{"line":1,"column":806}},"36":{"start":{"line":3,"column":0},"end":{"line":7,"column":2}},"37":{"start":{"line":4,"column":4},"end":{"line":4,"column":58}},"38":{"start":{"line":4,"column":21},"end":{"line":4,"column":58}},"39":{"start":{"line":4,"column":46},"end":{"line":4,"column":58}},"40":{"start":{"line":5,"column":4},"end":{"line":5,"column":43}},"41":{"start":{"line":5,"column":20},"end":{"line":5,"column":41}},"42":{"start":{"line":6,"column":4},"end":{"line":6,"column":89}},"43":{"start":{"line":8,"column":0},"end":{"line":8,"column":43}},"44":{"start":{"line":14,"column":0},"end":{"line":46,"column":28}},"45":{"start":{"line":15,"column":4},"end":{"line":15,"column":36}},"46":{"start":{"line":16,"column":4},"end":{"line":18,"column":5}},"47":{"start":{"line":17,"column":8},"end":{"line":17,"column":35}},"48":{"start":{"line":19,"column":4},"end":{"line":40,"column":6}},"49":{"start":{"line":20,"column":8},"end":{"line":20,"column":25}},"50":{"start":{"line":21,"column":8},"end":{"line":23,"column":44}},"51":{"start":{"line":24,"column":8},"end":{"line":25,"column":53}},"52":{"start":{"line":26,"column":8},"end":{"line":26,"column":38}},"53":{"start":{"line":27,"column":8},"end":{"line":30,"column":37}},"54":{"start":{"line":31,"column":8},"end":{"line":38,"column":41}},"55":{"start":{"line":32,"column":39},"end":{"line":32,"column":85}},"56":{"start":{"line":33,"column":39},"end":{"line":33,"column":85}},"57":{"start":{"line":34,"column":38},"end":{"line":34,"column":65}},"58":{"start":{"line":35,"column":59},"end":{"line":35,"column":85}},"59":{"start":{"line":35,"column":104},"end":{"line":35,"column":117}},"60":{"start":{"line":39,"column":8},"end":{"line":39,"column":20}},"61":{"start":{"line":41,"column":4},"end":{"line":44,"column":6}},"62":{"start":{"line":42,"column":8},"end":{"line":42,"column":44}},"63":{"start":{"line":43,"column":8},"end":{"line":43,"column":33}},"64":{"start":{"line":45,"column":4},"end":{"line":45,"column":24}},"65":{"start":{"line":47,"column":0},"end":{"line":47,"column":36}},"66":{"start":{"line":50,"column":0},"end":{"line":111,"column":135}},"67":{"start":{"line":52,"column":0},"end":{"line":56,"column":2}},"68":{"start":{"line":53,"column":4},"end":{"line":53,"column":58}},"69":{"start":{"line":53,"column":21},"end":{"line":53,"column":58}},"70":{"start":{"line":53,"column":46},"end":{"line":53,"column":58}},"71":{"start":{"line":54,"column":4},"end":{"line":54,"column":43}},"72":{"start":{"line":54,"column":20},"end":{"line":54,"column":41}},"73":{"start":{"line":55,"column":4},"end":{"line":55,"column":89}},"74":{"start":{"line":57,"column":0},"end":{"line":57,"column":110}},"75":{"start":{"line":58,"column":0},"end":{"line":58,"column":41}},"76":{"start":{"line":59,"column":0},"end":{"line":108,"column":21}},"77":{"start":{"line":60,"column":4},"end":{"line":60,"column":33}},"78":{"start":{"line":61,"column":4},"end":{"line":64,"column":5}},"79":{"start":{"line":62,"column":8},"end":{"line":62,"column":35}},"80":{"start":{"line":63,"column":8},"end":{"line":63,"column":67}},"81":{"start":{"line":65,"column":4},"end":{"line":71,"column":7}},"82":{"start":{"line":67,"column":12},"end":{"line":67,"column":74}},"83":{"start":{"line":72,"column":4},"end":{"line":78,"column":7}},"84":{"start":{"line":74,"column":12},"end":{"line":74,"column":75}},"85":{"start":{"line":79,"column":4},"end":{"line":106,"column":6}},"86":{"start":{"line":80,"column":8},"end":{"line":80,"column":57}},"87":{"start":{"line":81,"column":8},"end":{"line":81,"column":58}},"88":{"start":{"line":82,"column":8},"end":{"line":82,"column":60}},"89":{"start":{"line":83,"column":8},"end":{"line":83,"column":58}},"90":{"start":{"line":84,"column":8},"end":{"line":88,"column":94}},"91":{"start":{"line":89,"column":8},"end":{"line":89,"column":64}},"92":{"start":{"line":89,"column":48},"end":{"line":89,"column":59}},"93":{"start":{"line":90,"column":8},"end":{"line":90,"column":64}},"94":{"start":{"line":90,"column":48},"end":{"line":90,"column":59}},"95":{"start":{"line":91,"column":8},"end":{"line":93,"column":48}},"96":{"start":{"line":92,"column":30},"end":{"line":92,"column":44}},"97":{"start":{"line":93,"column":30},"end":{"line":93,"column":44}},"98":{"start":{"line":94,"column":8},"end":{"line":97,"column":25}},"99":{"start":{"line":98,"column":8},"end":{"line":100,"column":25}},"100":{"start":{"line":101,"column":8},"end":{"line":104,"column":29}},"101":{"start":{"line":105,"column":8},"end":{"line":105,"column":19}},"102":{"start":{"line":107,"column":4},"end":{"line":107,"column":21}},"103":{"start":{"line":109,"column":0},"end":{"line":109,"column":30}},"104":{"start":{"line":114,"column":0},"end":{"line":189,"column":135}},"105":{"start":{"line":116,"column":0},"end":{"line":120,"column":2}},"106":{"start":{"line":117,"column":4},"end":{"line":117,"column":58}},"107":{"start":{"line":117,"column":21},"end":{"line":117,"column":58}},"108":{"start":{"line":117,"column":46},"end":{"line":117,"column":58}},"109":{"start":{"line":118,"column":4},"end":{"line":118,"column":43}},"110":{"start":{"line":118,"column":20},"end":{"line":118,"column":41}},"111":{"start":{"line":119,"column":4},"end":{"line":119,"column":89}},"112":{"start":{"line":121,"column":0},"end":{"line":121,"column":110}},"113":{"start":{"line":122,"column":0},"end":{"line":122,"column":43}},"114":{"start":{"line":130,"column":0},"end":{"line":186,"column":28}},"115":{"start":{"line":131,"column":4},"end":{"line":131,"column":34}},"116":{"start":{"line":132,"column":4},"end":{"line":138,"column":5}},"117":{"start":{"line":133,"column":8},"end":{"line":133,"column":35}},"118":{"start":{"line":134,"column":8},"end":{"line":134,"column":30}},"119":{"start":{"line":135,"column":8},"end":{"line":135,"column":54}},"120":{"start":{"line":136,"column":8},"end":{"line":136,"column":54}},"121":{"start":{"line":139,"column":4},"end":{"line":150,"column":7}},"122":{"start":{"line":141,"column":12},"end":{"line":143,"column":41}},"123":{"start":{"line":144,"column":12},"end":{"line":144,"column":48}},"124":{"start":{"line":145,"column":12},"end":{"line":145,"column":88}},"125":{"start":{"line":145,"column":72},"end":{"line":145,"column":83}},"126":{"start":{"line":146,"column":12},"end":{"line":146,"column":88}},"127":{"start":{"line":146,"column":72},"end":{"line":146,"column":83}},"128":{"start":{"line":151,"column":4},"end":{"line":179,"column":6}},"129":{"start":{"line":152,"column":8},"end":{"line":152,"column":25}},"130":{"start":{"line":153,"column":8},"end":{"line":155,"column":44}},"131":{"start":{"line":156,"column":8},"end":{"line":157,"column":53}},"132":{"start":{"line":159,"column":8},"end":{"line":159,"column":118}},"133":{"start":{"line":159,"column":68},"end":{"line":159,"column":114}},"134":{"start":{"line":160,"column":8},"end":{"line":162,"column":45}},"135":{"start":{"line":161,"column":30},"end":{"line":161,"column":41}},"136":{"start":{"line":162,"column":30},"end":{"line":162,"column":41}},"137":{"start":{"line":165,"column":8},"end":{"line":165,"column":45}},"138":{"start":{"line":166,"column":8},"end":{"line":177,"column":9}},"139":{"start":{"line":167,"column":12},"end":{"line":167,"column":79}},"140":{"start":{"line":168,"column":12},"end":{"line":168,"column":110}},"141":{"start":{"line":168,"column":52},"end":{"line":168,"column":106}},"142":{"start":{"line":169,"column":12},"end":{"line":170,"column":27}},"143":{"start":{"line":169,"column":55},"end":{"line":169,"column":110}},"144":{"start":{"line":171,"column":12},"end":{"line":176,"column":44}},"145":{"start":{"line":178,"column":8},"end":{"line":178,"column":20}},"146":{"start":{"line":180,"column":4},"end":{"line":184,"column":6}},"147":{"start":{"line":181,"column":8},"end":{"line":181,"column":44}},"148":{"start":{"line":182,"column":8},"end":{"line":182,"column":25}},"149":{"start":{"line":183,"column":8},"end":{"line":183,"column":29}},"150":{"start":{"line":185,"column":4},"end":{"line":185,"column":22}},"151":{"start":{"line":187,"column":0},"end":{"line":187,"column":32}},"152":{"start":{"line":192,"column":0},"end":{"line":284,"column":135}},"153":{"start":{"line":194,"column":0},"end":{"line":198,"column":2}},"154":{"start":{"line":195,"column":4},"end":{"line":195,"column":58}},"155":{"start":{"line":195,"column":21},"end":{"line":195,"column":58}},"156":{"start":{"line":195,"column":46},"end":{"line":195,"column":58}},"157":{"start":{"line":196,"column":4},"end":{"line":196,"column":43}},"158":{"start":{"line":196,"column":20},"end":{"line":196,"column":41}},"159":{"start":{"line":197,"column":4},"end":{"line":197,"column":89}},"160":{"start":{"line":199,"column":0},"end":{"line":199,"column":110}},"161":{"start":{"line":200,"column":0},"end":{"line":200,"column":41}},"162":{"start":{"line":201,"column":0},"end":{"line":201,"column":41}},"163":{"start":{"line":216,"column":0},"end":{"line":281,"column":21}},"164":{"start":{"line":217,"column":4},"end":{"line":217,"column":34}},"165":{"start":{"line":218,"column":4},"end":{"line":222,"column":5}},"166":{"start":{"line":219,"column":8},"end":{"line":219,"column":35}},"167":{"start":{"line":220,"column":8},"end":{"line":220,"column":30}},"168":{"start":{"line":221,"column":8},"end":{"line":221,"column":52}},"169":{"start":{"line":223,"column":4},"end":{"line":226,"column":6}},"170":{"start":{"line":224,"column":8},"end":{"line":225,"column":61}},"171":{"start":{"line":227,"column":4},"end":{"line":234,"column":6}},"172":{"start":{"line":228,"column":8},"end":{"line":233,"column":9}},"173":{"start":{"line":229,"column":12},"end":{"line":229,"column":25}},"174":{"start":{"line":232,"column":12},"end":{"line":232,"column":31}},"175":{"start":{"line":235,"column":4},"end":{"line":237,"column":6}},"176":{"start":{"line":236,"column":8},"end":{"line":236,"column":18}},"177":{"start":{"line":238,"column":4},"end":{"line":240,"column":6}},"178":{"start":{"line":239,"column":8},"end":{"line":239,"column":96}},"179":{"start":{"line":241,"column":4},"end":{"line":259,"column":6}},"180":{"start":{"line":242,"column":8},"end":{"line":242,"column":25}},"181":{"start":{"line":243,"column":8},"end":{"line":244,"column":53}},"182":{"start":{"line":243,"column":52},"end":{"line":244,"column":49}},"183":{"start":{"line":245,"column":8},"end":{"line":246,"column":35}},"184":{"start":{"line":247,"column":8},"end":{"line":250,"column":34}},"185":{"start":{"line":248,"column":30},"end":{"line":248,"column":41}},"186":{"start":{"line":249,"column":30},"end":{"line":249,"column":41}},"187":{"start":{"line":251,"column":8},"end":{"line":257,"column":40}},"188":{"start":{"line":258,"column":8},"end":{"line":258,"column":21}},"189":{"start":{"line":260,"column":4},"end":{"line":279,"column":6}},"190":{"start":{"line":261,"column":8},"end":{"line":261,"column":25}},"191":{"start":{"line":262,"column":8},"end":{"line":262,"column":96}},"192":{"start":{"line":262,"column":35},"end":{"line":262,"column":93}},"193":{"start":{"line":263,"column":8},"end":{"line":263,"column":94}},"194":{"start":{"line":263,"column":33},"end":{"line":263,"column":91}},"195":{"start":{"line":264,"column":8},"end":{"line":264,"column":64}},"196":{"start":{"line":265,"column":8},"end":{"line":266,"column":67}},"197":{"start":{"line":267,"column":8},"end":{"line":271,"column":40}},"198":{"start":{"line":268,"column":39},"end":{"line":268,"column":57}},"199":{"start":{"line":268,"column":87},"end":{"line":268,"column":105}},"200":{"start":{"line":269,"column":39},"end":{"line":269,"column":55}},"201":{"start":{"line":269,"column":85},"end":{"line":269,"column":101}},"202":{"start":{"line":272,"column":8},"end":{"line":277,"column":36}},"203":{"start":{"line":273,"column":38},"end":{"line":273,"column":64}},"204":{"start":{"line":274,"column":38},"end":{"line":274,"column":64}},"205":{"start":{"line":276,"column":36},"end":{"line":276,"column":52}},"206":{"start":{"line":278,"column":8},"end":{"line":278,"column":21}},"207":{"start":{"line":280,"column":4},"end":{"line":280,"column":22}},"208":{"start":{"line":282,"column":0},"end":{"line":282,"column":32}},"209":{"start":{"line":287,"column":0},"end":{"line":346,"column":135}},"210":{"start":{"line":289,"column":0},"end":{"line":293,"column":2}},"211":{"start":{"line":290,"column":4},"end":{"line":290,"column":58}},"212":{"start":{"line":290,"column":21},"end":{"line":290,"column":58}},"213":{"start":{"line":290,"column":46},"end":{"line":290,"column":58}},"214":{"start":{"line":291,"column":4},"end":{"line":291,"column":43}},"215":{"start":{"line":291,"column":20},"end":{"line":291,"column":41}},"216":{"start":{"line":292,"column":4},"end":{"line":292,"column":89}},"217":{"start":{"line":294,"column":0},"end":{"line":294,"column":110}},"218":{"start":{"line":295,"column":0},"end":{"line":295,"column":43}},"219":{"start":{"line":296,"column":0},"end":{"line":343,"column":28}},"220":{"start":{"line":297,"column":4},"end":{"line":297,"column":41}},"221":{"start":{"line":298,"column":4},"end":{"line":312,"column":5}},"222":{"start":{"line":299,"column":8},"end":{"line":299,"column":25}},"223":{"start":{"line":300,"column":8},"end":{"line":300,"column":35}},"224":{"start":{"line":301,"column":8},"end":{"line":308,"column":10}},"225":{"start":{"line":302,"column":12},"end":{"line":307,"column":13}},"226":{"start":{"line":303,"column":16},"end":{"line":303,"column":31}},"227":{"start":{"line":306,"column":16},"end":{"line":306,"column":29}},"228":{"start":{"line":309,"column":8},"end":{"line":311,"column":10}},"229":{"start":{"line":310,"column":12},"end":{"line":310,"column":44}},"230":{"start":{"line":313,"column":4},"end":{"line":324,"column":7}},"231":{"start":{"line":315,"column":12},"end":{"line":315,"column":32}},"232":{"start":{"line":318,"column":12},"end":{"line":318,"column":29}},"233":{"start":{"line":319,"column":12},"end":{"line":319,"column":49}},"234":{"start":{"line":320,"column":12},"end":{"line":320,"column":70}},"235":{"start":{"line":325,"column":4},"end":{"line":333,"column":7}},"236":{"start":{"line":327,"column":12},"end":{"line":327,"column":49}},"237":{"start":{"line":328,"column":12},"end":{"line":328,"column":52}},"238":{"start":{"line":329,"column":12},"end":{"line":329,"column":55}},"239":{"start":{"line":334,"column":4},"end":{"line":336,"column":6}},"240":{"start":{"line":335,"column":8},"end":{"line":335,"column":37}},"241":{"start":{"line":337,"column":4},"end":{"line":341,"column":6}},"242":{"start":{"line":338,"column":8},"end":{"line":338,"column":54}},"243":{"start":{"line":339,"column":8},"end":{"line":339,"column":171}},"244":{"start":{"line":339,"column":60},"end":{"line":339,"column":97}},"245":{"start":{"line":339,"column":134},"end":{"line":339,"column":166}},"246":{"start":{"line":340,"column":8},"end":{"line":340,"column":20}},"247":{"start":{"line":342,"column":4},"end":{"line":342,"column":29}},"248":{"start":{"line":344,"column":0},"end":{"line":344,"column":46}},"249":{"start":{"line":350,"column":0},"end":{"line":356,"column":5}},"250":{"start":{"line":351,"column":4},"end":{"line":354,"column":5}},"251":{"start":{"line":352,"column":8},"end":{"line":352,"column":19}},"252":{"start":{"line":353,"column":8},"end":{"line":353,"column":19}},"253":{"start":{"line":355,"column":4},"end":{"line":355,"column":21}},"254":{"start":{"line":357,"column":0},"end":{"line":357,"column":30}},"255":{"start":{"line":358,"column":0},"end":{"line":377,"column":5}},"256":{"start":{"line":359,"column":4},"end":{"line":362,"column":5}},"257":{"start":{"line":360,"column":8},"end":{"line":360,"column":19}},"258":{"start":{"line":361,"column":8},"end":{"line":361,"column":23}},"259":{"start":{"line":363,"column":4},"end":{"line":367,"column":7}},"260":{"start":{"line":364,"column":27},"end":{"line":364,"column":62}},"261":{"start":{"line":368,"column":4},"end":{"line":372,"column":7}},"262":{"start":{"line":369,"column":27},"end":{"line":369,"column":62}},"263":{"start":{"line":373,"column":4},"end":{"line":375,"column":6}},"264":{"start":{"line":374,"column":8},"end":{"line":374,"column":48}},"265":{"start":{"line":376,"column":4},"end":{"line":376,"column":17}},"266":{"start":{"line":378,"column":0},"end":{"line":378,"column":22}},"267":{"start":{"line":379,"column":0},"end":{"line":389,"column":5}},"268":{"start":{"line":380,"column":4},"end":{"line":384,"column":5}},"269":{"start":{"line":381,"column":8},"end":{"line":381,"column":30}},"270":{"start":{"line":382,"column":8},"end":{"line":382,"column":31}},"271":{"start":{"line":383,"column":8},"end":{"line":383,"column":31}},"272":{"start":{"line":385,"column":4},"end":{"line":387,"column":6}},"273":{"start":{"line":386,"column":8},"end":{"line":386,"column":20}},"274":{"start":{"line":388,"column":4},"end":{"line":388,"column":16}},"275":{"start":{"line":390,"column":0},"end":{"line":390,"column":20}},"276":{"start":{"line":394,"column":0},"end":{"line":394,"column":47}},"277":{"start":{"line":395,"column":0},"end":{"line":395,"column":51}},"278":{"start":{"line":396,"column":0},"end":{"line":396,"column":41}},"279":{"start":{"line":397,"column":0},"end":{"line":397,"column":42}},"280":{"start":{"line":398,"column":0},"end":{"line":398,"column":43}},"281":{"start":{"line":399,"column":0},"end":{"line":399,"column":45}},"282":{"start":{"line":400,"column":0},"end":{"line":400,"column":43}},"283":{"start":{"line":401,"column":0},"end":{"line":401,"column":45}},"284":{"start":{"line":402,"column":0},"end":{"line":402,"column":57}},"285":{"start":{"line":403,"column":0},"end":{"line":403,"column":66}}},"branchMap":{"1":{"line":1,"type":"if","locations":[{"start":{"line":1,"column":13},"end":{"line":1,"column":13}},{"start":{"line":1,"column":13},"end":{"line":1,"column":13}}]},"2":{"line":1,"type":"binary-expr","locations":[{"start":{"line":1,"column":16},"end":{"line":1,"column":41}},{"start":{"line":1,"column":43},"end":{"line":1,"column":70}}]},"3":{"line":1,"type":"if","locations":[{"start":{"line":1,"column":96},"end":{"line":1,"column":96}},{"start":{"line":1,"column":96},"end":{"line":1,"column":96}}]},"4":{"line":1,"type":"binary-expr","locations":[{"start":{"line":1,"column":99},"end":{"line":1,"column":125}},{"start":{"line":1,"column":127},"end":{"line":1,"column":137}}]},"5":{"line":1,"type":"if","locations":[{"start":{"line":1,"column":163},"end":{"line":1,"column":163}},{"start":{"line":1,"column":163},"end":{"line":1,"column":163}}]},"6":{"line":1,"type":"if","locations":[{"start":{"line":1,"column":209},"end":{"line":1,"column":209}},{"start":{"line":1,"column":209},"end":{"line":1,"column":209}}]},"7":{"line":1,"type":"if","locations":[{"start":{"line":1,"column":255},"end":{"line":1,"column":255}},{"start":{"line":1,"column":255},"end":{"line":1,"column":255}}]},"8":{"line":1,"type":"if","locations":[{"start":{"line":1,"column":401},"end":{"line":1,"column":401}},{"start":{"line":1,"column":401},"end":{"line":1,"column":401}}]},"9":{"line":1,"type":"if","locations":[{"start":{"line":1,"column":411},"end":{"line":1,"column":411}},{"start":{"line":1,"column":411},"end":{"line":1,"column":411}}]},"10":{"line":1,"type":"binary-expr","locations":[{"start":{"line":1,"column":427},"end":{"line":1,"column":453}},{"start":{"line":1,"column":455},"end":{"line":1,"column":462}}]},"11":{"line":1,"type":"if","locations":[{"start":{"line":1,"column":463},"end":{"line":1,"column":463}},{"start":{"line":1,"column":463},"end":{"line":1,"column":463}}]},"12":{"line":1,"type":"binary-expr","locations":[{"start":{"line":1,"column":466},"end":{"line":1,"column":468}},{"start":{"line":1,"column":470},"end":{"line":1,"column":471}}]},"13":{"line":1,"type":"if","locations":[{"start":{"line":1,"column":487},"end":{"line":1,"column":487}},{"start":{"line":1,"column":487},"end":{"line":1,"column":487}}]},"14":{"line":1,"type":"cond-expr","locations":[{"start":{"line":1,"column":674},"end":{"line":1,"column":675}},{"start":{"line":1,"column":676},"end":{"line":1,"column":677}}]},"15":{"line":1,"type":"binary-expr","locations":[{"start":{"line":1,"column":727},"end":{"line":1,"column":753}},{"start":{"line":1,"column":755},"end":{"line":1,"column":762}}]},"16":{"line":3,"type":"binary-expr","locations":[{"start":{"line":3,"column":17},"end":{"line":3,"column":21}},{"start":{"line":3,"column":25},"end":{"line":3,"column":39}},{"start":{"line":3,"column":44},"end":{"line":7,"column":1}}]},"17":{"line":4,"type":"if","locations":[{"start":{"line":4,"column":21},"end":{"line":4,"column":21}},{"start":{"line":4,"column":21},"end":{"line":4,"column":21}}]},"18":{"line":6,"type":"cond-expr","locations":[{"start":{"line":6,"column":31},"end":{"line":6,"column":47}},{"start":{"line":6,"column":51},"end":{"line":6,"column":87}}]},"19":{"line":35,"type":"cond-expr","locations":[{"start":{"line":35,"column":44},"end":{"line":35,"column":87}},{"start":{"line":35,"column":90},"end":{"line":35,"column":119}}]},"20":{"line":52,"type":"binary-expr","locations":[{"start":{"line":52,"column":17},"end":{"line":52,"column":21}},{"start":{"line":52,"column":25},"end":{"line":52,"column":39}},{"start":{"line":52,"column":44},"end":{"line":56,"column":1}}]},"21":{"line":53,"type":"if","locations":[{"start":{"line":53,"column":21},"end":{"line":53,"column":21}},{"start":{"line":53,"column":21},"end":{"line":53,"column":21}}]},"22":{"line":55,"type":"cond-expr","locations":[{"start":{"line":55,"column":31},"end":{"line":55,"column":47}},{"start":{"line":55,"column":51},"end":{"line":55,"column":87}}]},"23":{"line":57,"type":"cond-expr","locations":[{"start":{"line":57,"column":42},"end":{"line":57,"column":54}},{"start":{"line":57,"column":57},"end":{"line":57,"column":108}}]},"24":{"line":57,"type":"cond-expr","locations":[{"start":{"line":57,"column":89},"end":{"line":57,"column":101}},{"start":{"line":57,"column":104},"end":{"line":57,"column":108}}]},"25":{"line":111,"type":"cond-expr","locations":[{"start":{"line":111,"column":45},"end":{"line":111,"column":51}},{"start":{"line":111,"column":54},"end":{"line":111,"column":134}}]},"26":{"line":111,"type":"cond-expr","locations":[{"start":{"line":111,"column":84},"end":{"line":111,"column":88}},{"start":{"line":111,"column":91},"end":{"line":111,"column":134}}]},"27":{"line":111,"type":"cond-expr","locations":[{"start":{"line":111,"column":123},"end":{"line":111,"column":129}},{"start":{"line":111,"column":132},"end":{"line":111,"column":134}}]},"28":{"line":116,"type":"binary-expr","locations":[{"start":{"line":116,"column":17},"end":{"line":116,"column":21}},{"start":{"line":116,"column":25},"end":{"line":116,"column":39}},{"start":{"line":116,"column":44},"end":{"line":120,"column":1}}]},"29":{"line":117,"type":"if","locations":[{"start":{"line":117,"column":21},"end":{"line":117,"column":21}},{"start":{"line":117,"column":21},"end":{"line":117,"column":21}}]},"30":{"line":119,"type":"cond-expr","locations":[{"start":{"line":119,"column":31},"end":{"line":119,"column":47}},{"start":{"line":119,"column":51},"end":{"line":119,"column":87}}]},"31":{"line":121,"type":"cond-expr","locations":[{"start":{"line":121,"column":42},"end":{"line":121,"column":54}},{"start":{"line":121,"column":57},"end":{"line":121,"column":108}}]},"32":{"line":121,"type":"cond-expr","locations":[{"start":{"line":121,"column":89},"end":{"line":121,"column":101}},{"start":{"line":121,"column":104},"end":{"line":121,"column":108}}]},"33":{"line":189,"type":"cond-expr","locations":[{"start":{"line":189,"column":45},"end":{"line":189,"column":51}},{"start":{"line":189,"column":54},"end":{"line":189,"column":134}}]},"34":{"line":189,"type":"cond-expr","locations":[{"start":{"line":189,"column":84},"end":{"line":189,"column":88}},{"start":{"line":189,"column":91},"end":{"line":189,"column":134}}]},"35":{"line":189,"type":"cond-expr","locations":[{"start":{"line":189,"column":123},"end":{"line":189,"column":129}},{"start":{"line":189,"column":132},"end":{"line":189,"column":134}}]},"36":{"line":194,"type":"binary-expr","locations":[{"start":{"line":194,"column":17},"end":{"line":194,"column":21}},{"start":{"line":194,"column":25},"end":{"line":194,"column":39}},{"start":{"line":194,"column":44},"end":{"line":198,"column":1}}]},"37":{"line":195,"type":"if","locations":[{"start":{"line":195,"column":21},"end":{"line":195,"column":21}},{"start":{"line":195,"column":21},"end":{"line":195,"column":21}}]},"38":{"line":197,"type":"cond-expr","locations":[{"start":{"line":197,"column":31},"end":{"line":197,"column":47}},{"start":{"line":197,"column":51},"end":{"line":197,"column":87}}]},"39":{"line":199,"type":"cond-expr","locations":[{"start":{"line":199,"column":42},"end":{"line":199,"column":54}},{"start":{"line":199,"column":57},"end":{"line":199,"column":108}}]},"40":{"line":199,"type":"cond-expr","locations":[{"start":{"line":199,"column":89},"end":{"line":199,"column":101}},{"start":{"line":199,"column":104},"end":{"line":199,"column":108}}]},"41":{"line":228,"type":"if","locations":[{"start":{"line":228,"column":8},"end":{"line":228,"column":8}},{"start":{"line":228,"column":8},"end":{"line":228,"column":8}}]},"42":{"line":284,"type":"cond-expr","locations":[{"start":{"line":284,"column":45},"end":{"line":284,"column":51}},{"start":{"line":284,"column":54},"end":{"line":284,"column":134}}]},"43":{"line":284,"type":"cond-expr","locations":[{"start":{"line":284,"column":84},"end":{"line":284,"column":88}},{"start":{"line":284,"column":91},"end":{"line":284,"column":134}}]},"44":{"line":284,"type":"cond-expr","locations":[{"start":{"line":284,"column":123},"end":{"line":284,"column":129}},{"start":{"line":284,"column":132},"end":{"line":284,"column":134}}]},"45":{"line":289,"type":"binary-expr","locations":[{"start":{"line":289,"column":17},"end":{"line":289,"column":21}},{"start":{"line":289,"column":25},"end":{"line":289,"column":39}},{"start":{"line":289,"column":44},"end":{"line":293,"column":1}}]},"46":{"line":290,"type":"if","locations":[{"start":{"line":290,"column":21},"end":{"line":290,"column":21}},{"start":{"line":290,"column":21},"end":{"line":290,"column":21}}]},"47":{"line":292,"type":"cond-expr","locations":[{"start":{"line":292,"column":31},"end":{"line":292,"column":47}},{"start":{"line":292,"column":51},"end":{"line":292,"column":87}}]},"48":{"line":294,"type":"cond-expr","locations":[{"start":{"line":294,"column":42},"end":{"line":294,"column":54}},{"start":{"line":294,"column":57},"end":{"line":294,"column":108}}]},"49":{"line":294,"type":"cond-expr","locations":[{"start":{"line":294,"column":89},"end":{"line":294,"column":101}},{"start":{"line":294,"column":104},"end":{"line":294,"column":108}}]},"50":{"line":302,"type":"if","locations":[{"start":{"line":302,"column":12},"end":{"line":302,"column":12}},{"start":{"line":302,"column":12},"end":{"line":302,"column":12}}]},"51":{"line":346,"type":"cond-expr","locations":[{"start":{"line":346,"column":45},"end":{"line":346,"column":51}},{"start":{"line":346,"column":54},"end":{"line":346,"column":134}}]},"52":{"line":346,"type":"cond-expr","locations":[{"start":{"line":346,"column":84},"end":{"line":346,"column":88}},{"start":{"line":346,"column":91},"end":{"line":346,"column":134}}]},"53":{"line":346,"type":"cond-expr","locations":[{"start":{"line":346,"column":123},"end":{"line":346,"column":129}},{"start":{"line":346,"column":132},"end":{"line":346,"column":134}}]}},"l":{"1":13,"3":1,"4":1,"5":1,"6":1,"8":1,"14":1,"15":1,"16":1,"17":0,"19":1,"20":0,"21":0,"24":0,"26":0,"27":0,"31":0,"32":0,"33":0,"34":0,"35":0,"39":0,"41":1,"42":0,"43":0,"45":1,"47":1,"50":1,"52":1,"53":1,"54":1,"55":1,"57":1,"58":1,"59":1,"60":1,"61":1,"62":0,"63":0,"65":1,"67":0,"72":1,"74":0,"79":1,"80":0,"81":0,"82":0,"83":0,"84":0,"89":0,"90":0,"91":0,"92":0,"93":0,"94":0,"98":0,"101":0,"105":0,"107":1,"109":1,"114":1,"116":1,"117":1,"118":1,"119":1,"121":1,"122":1,"130":1,"131":1,"132":1,"133":0,"134":0,"135":0,"136":0,"139":1,"141":0,"144":0,"145":0,"146":0,"151":1,"152":0,"153":0,"156":0,"159":0,"160":0,"161":0,"162":0,"165":0,"166":0,"167":0,"168":0,"169":0,"171":0,"178":0,"180":1,"181":0,"182":0,"183":0,"185":1,"187":1,"192":1,"194":1,"195":1,"196":1,"197":1,"199":1,"200":1,"201":1,"216":1,"217":1,"218":1,"219":0,"220":0,"221":0,"223":1,"224":0,"227":1,"228":0,"229":0,"232":0,"235":1,"236":0,"238":1,"239":0,"241":1,"242":0,"243":0,"245":0,"247":0,"248":0,"249":0,"251":0,"258":0,"260":1,"261":0,"262":0,"263":0,"264":0,"265":0,"267":0,"268":0,"269":0,"272":0,"273":0,"274":0,"276":0,"278":0,"280":1,"282":1,"287":1,"289":1,"290":1,"291":1,"292":1,"294":1,"295":1,"296":1,"297":1,"298":1,"299":0,"300":0,"301":0,"302":0,"303":0,"306":0,"309":0,"310":0,"313":1,"315":0,"318":0,"319":0,"320":0,"325":1,"327":0,"328":0,"329":0,"334":1,"335":0,"337":1,"338":0,"339":0,"340":0,"342":1,"344":1,"350":1,"351":1,"352":0,"353":0,"355":1,"357":1,"358":1,"359":1,"360":0,"361":0,"363":1,"364":0,"368":1,"369":0,"373":1,"374":0,"376":1,"378":1,"379":1,"380":1,"381":0,"382":0,"383":0,"385":1,"386":0,"388":1,"390":1,"394":1,"395":1,"396":1,"397":1,"398":1,"399":1,"400":1,"401":1,"402":1,"403":1}}}
